[2024-10-18_09:58:43] - [run_x_test_runner_send_main.py:251] INFO main start...
[2024-10-18_09:58:54] - [test_excel_api.py:149] INFO 响应数据：{"code":500,"msg":"系统异常，请稍后重试","data":null}
[2024-10-18_09:58:54] - [test_excel_api.py:165] WARNING 请求参数：{"pageSize":15,"pageNo":1,"deptCategoryIdList":[],"rank":0,"years":2024,"month":1,"policyName":"测试"}
[2024-10-18_09:58:54] - [run_x_test_runner_send_main.py:56] ERROR test_api_01 (test_excel_api.TestAPI.test_api_01)
Traceback (most recent call last):
  File "D:\Users\Administrator\AppData\Local\Programs\Python\Python312\Lib\unittest\case.py", line 58, in testPartExecutor
    yield
  File "D:\Users\Administrator\AppData\Local\Programs\Python\Python312\Lib\unittest\case.py", line 634, in run
    self._callTestMethod(testMethod)
  File "D:\Users\Administrator\AppData\Local\Programs\Python\Python312\Lib\unittest\case.py", line 589, in _callTestMethod
    if method() is not None:
       ^^^^^^^^
  File "D:\Users\Administrator\AppData\Local\Programs\Python\Python312\Lib\site-packages\ddt.py", line 221, in wrapper
    return func(self, *args, **kwargs)
           ^^^^^^^^^^^^^^^^^^^^^^^^^^^
  File "D:\mytest\UnittestDemo\testcase\test_excel_api.py", line 166, in test_api
    raise e
  File "D:\mytest\UnittestDemo\testcase\test_excel_api.py", line 161, in test_api
    self.assertIn(msg, response.content.decode("utf-8"), f"{case_id} {title} {url}")
AssertionError: '测试2024年1月深圳市项目' not found in '{"code":500,"msg":"系统异常，请稍后重试","data":null}' : lqc_1 查询2024年1月深圳市项目 https://test-lqc-api.liqicloud.com/app/applet/project/list
[2024-10-18_09:58:54] - [test_excel_api.py:149] INFO 响应数据：{"code":200,"msg":"Success","data":{"page":1,"size":15,"total":1,"list":[{"id":"1846813577784320002","name":"测试2023年深圳市市级项目","deptName":"深圳市发展和改革委员会","officialPublishTime":"2023-10-01 00:00:00","reportDeadLine":null}]}}
[2024-10-18_09:59:04] - [test_excel_api.py:149] INFO 响应数据：{"code":500,"msg":"系统异常，请稍后重试","data":null}
[2024-10-18_09:59:04] - [test_excel_api.py:165] WARNING 请求参数：{"pageSize":15,"pageNo":1,"deptCategoryIdList":[],"rank":0,"years":0,"month":0,"provinceCode":"440000","cityCode":"440300"}
[2024-10-18_09:59:04] - [run_x_test_runner_send_main.py:56] ERROR test_api_03 (test_excel_api.TestAPI.test_api_03)
Traceback (most recent call last):
  File "D:\Users\Administrator\AppData\Local\Programs\Python\Python312\Lib\unittest\case.py", line 58, in testPartExecutor
    yield
  File "D:\Users\Administrator\AppData\Local\Programs\Python\Python312\Lib\unittest\case.py", line 634, in run
    self._callTestMethod(testMethod)
  File "D:\Users\Administrator\AppData\Local\Programs\Python\Python312\Lib\unittest\case.py", line 589, in _callTestMethod
    if method() is not None:
       ^^^^^^^^
  File "D:\Users\Administrator\AppData\Local\Programs\Python\Python312\Lib\site-packages\ddt.py", line 221, in wrapper
    return func(self, *args, **kwargs)
           ^^^^^^^^^^^^^^^^^^^^^^^^^^^
  File "D:\mytest\UnittestDemo\testcase\test_excel_api.py", line 166, in test_api
    raise e
  File "D:\mytest\UnittestDemo\testcase\test_excel_api.py", line 161, in test_api
    self.assertIn(msg, response.content.decode("utf-8"), f"{case_id} {title} {url}")
AssertionError: '测试公示' not found in '{"code":500,"msg":"系统异常，请稍后重试","data":null}' : lqc_3 查询全部公示 https://test-lqc-api.liqicloud.com/app/applet/public/list
[2024-10-18_09:59:04] - [test_excel_api.py:149] INFO 响应数据：{"code":200,"msg":"Success","data":{"page":1,"size":15,"total":1,"list":[{"id":"1846814045096894465","policyName":"测试2024年10月政策","informationType":2,"deptName":"深圳市龙岗政府在线","officialPublishTime":"2024-10-01 00:00:00"}]}}
[2024-10-18_09:59:04] - [test_excel_api.py:149] INFO 响应数据：{"code":200,"msg":null,"data":null}
[2024-10-18_09:59:05] - [test_excel_api.py:149] INFO 响应数据：{"code":400,"msg":"过滤词数量必须在1到50之间","data":null}
[2024-10-18_09:59:05] - [test_excel_api.py:149] INFO 响应数据：{"code":400,"msg":"过滤词数量必须在1到50之间","data":null}
[2024-10-18_09:59:05] - [test_excel_api.py:149] INFO 响应数据：{"code":400,"msg":"过滤范围不能为空","data":null}
[2024-10-18_09:59:05] - [test_excel_api.py:149] INFO 响应数据：{"code":400,"msg":"上传的图片不能为空","data":null}
[2024-10-18_09:59:05] - [test_excel_api.py:149] INFO 响应数据：{"code":400,"msg":"上传的图片不能为空","data":null}
[2024-10-18_09:59:05] - [test_excel_api.py:149] INFO 响应数据：{"code":400,"msg":"反馈内容不能为空","data":null}
[2024-10-18_09:59:05] - [test_excel_api.py:149] INFO 响应数据：{"code":400,"msg":"反馈内容字数不能超过200","data":null}
[2024-10-18_09:59:05] - [test_excel_api.py:149] INFO 响应数据：{"code":400,"msg":"姓名不能为空","data":null}
[2024-10-18_09:59:06] - [test_excel_api.py:149] INFO 响应数据：{"code":400,"msg":"姓名不能为空","data":null}
[2024-10-18_09:59:16] - [test_excel_api.py:149] INFO 响应数据：{"code":500,"msg":"系统异常，请稍后重试","data":null}
[2024-10-18_09:59:16] - [test_excel_api.py:165] WARNING 请求参数：{"appUserId":"1840678944340381697","appUserName":"用户188****7806","appUserPhone":"18813537806","appUserSubmitName":"用户188****7806","submitIssueDescription":"测试反馈内容","submitIssueType":1,"uploadImageUrl":"https://lqc-public-oss-pre.oss-cn-shenzhen.aliyuncs.com/test/lqc-app/c5c931dadc424b71a60326da53828fb6.jpg"}
[2024-10-18_09:59:16] - [run_x_test_runner_send_main.py:56] ERROR test_api_15 (test_excel_api.TestAPI.test_api_15)
Traceback (most recent call last):
  File "D:\Users\Administrator\AppData\Local\Programs\Python\Python312\Lib\unittest\case.py", line 58, in testPartExecutor
    yield
  File "D:\Users\Administrator\AppData\Local\Programs\Python\Python312\Lib\unittest\case.py", line 634, in run
    self._callTestMethod(testMethod)
  File "D:\Users\Administrator\AppData\Local\Programs\Python\Python312\Lib\unittest\case.py", line 589, in _callTestMethod
    if method() is not None:
       ^^^^^^^^
  File "D:\Users\Administrator\AppData\Local\Programs\Python\Python312\Lib\site-packages\ddt.py", line 221, in wrapper
    return func(self, *args, **kwargs)
           ^^^^^^^^^^^^^^^^^^^^^^^^^^^
  File "D:\mytest\UnittestDemo\testcase\test_excel_api.py", line 166, in test_api
    raise e
  File "D:\mytest\UnittestDemo\testcase\test_excel_api.py", line 161, in test_api
    self.assertIn(msg, response.content.decode("utf-8"), f"{case_id} {title} {url}")
AssertionError: '"code":200' not found in '{"code":500,"msg":"系统异常，请稍后重试","data":null}' : lqc_16 新增正确的问题反馈 https://test-lqc-api.liqicloud.com/app/applet/action/feedback/submit
[2024-10-18_09:59:16] - [test_excel_api.py:149] INFO 响应数据：{"code":200,"msg":"Success","data":{"page":1,"size":15,"total":4,"list":[{"id":"1846836599526277121","appUserId":"1840678944340381697","appUserName":"用户188****7806","appUserSubmitName":"用户188****7806","appUserPhone":"18813537806","submitIssueType":1,"submitIssueDescription":"测试反馈内容","submitIssueTime":"2024-10-17 16:52:13","uploadImageUrl":"https://lqc-public-oss-pre.oss-cn-shenzhen.aliyuncs.com/test/lqc-app/c5c931dadc424b71a60326da53828fb6.jpg","replyStatus":1,"replyText":"字段枚举值为：项目、政策资讯、通知文件、产业政策、公示、其他。其中项目、政策资讯、通知文件、产业政策、公示为由关键词配置自动识别的政策数据，‘其他’为未识别出的政策数据（即未击中关键词）识别为项目的政策数据，数据字段说明如下字段枚举值为：项目、政策资讯、通知文件、产业政策、公示、其他。其中项目、政策资讯、通知文件、产业政策、公示为由关键词配置自动识别的政策数据，‘其他’为未识别出的政策数据（即未击中关键词）识别为项目的政策数据，数据字段说明如下","replyTime":"2024-10-17 17:31:17","replyerName":"启程智远"},{"id":"1846829897804431361","appUserId":"1840678944340381697","appUserName":"用户188****7806","appUserSubmitName":"用户188****7806","appUserPhone":"18813537806","submitIssueType":2,"submitIssueDescription":"你好啊","submitIssueTime":"2024-10-17 16:25:36","uploadImageUrl":"https://lqc-public-oss-pre.oss-cn-shenzhen.aliyuncs.com/test/lqc-app/07af737658234db3a8c56cbfad25615f.jpg,https://lqc-public-oss-pre.oss-cn-shenzhen.aliyuncs.com/test/lqc-app/601600986bd14571a9040503c9b3d448.jpg,https://lqc-public-oss-pre.oss-cn-shenzhen.aliyuncs.com/test/lqc-app/09386e440a234dde899ac65791f41791.jpg,https://lqc-public-oss-pre.oss-cn-shenzhen.aliyuncs.com/test/lqc-app/177da93adbca4714b47eb6afd1676999.jpg,https://lqc-public-oss-pre.oss-cn-shenzhen.aliyuncs.com/test/lqc-app/aa271c08225243369ff9d3fd8c60d9fc.jpg,https://lqc-public-oss-pre.oss-cn-shenzhen.aliyuncs.com/test/lqc-app/7a2e3e26c28c4350bc30e9d56232cf15.jpg,https://lqc-public-oss-pre.oss-cn-shenzhen.aliyuncs.com/test/lqc-app/3f7ad35ddfeb4f9dac7128e549807d80.jpeg","replyStatus":0,"replyText":null,"replyTime":null,"replyerName":"启程智远"},{"id":"1846829608825274369","appUserId":"1840678944340381697","appUserName":"用户188****7806","appUserSubmitName":"用户188****7806","appUserPhone":"18813537806","submitIssueType":2,"submitIssueDescription":"你好啊","submitIssueTime":"2024-10-17 16:24:27","uploadImageUrl":"https://lqc-public-oss-pre.oss-cn-shenzhen.aliyuncs.com/test/lqc-app/07af737658234db3a8c56cbfad25615f.jpg,https://lqc-public-oss-pre.oss-cn-shenzhen.aliyuncs.com/test/lqc-app/601600986bd14571a9040503c9b3d448.jpg,https://lqc-public-oss-pre.oss-cn-shenzhen.aliyuncs.com/test/lqc-app/09386e440a234dde899ac65791f41791.jpg,https://lqc-public-oss-pre.oss-cn-shenzhen.aliyuncs.com/test/lqc-app/177da93adbca4714b47eb6afd1676999.jpg,https://lqc-public-oss-pre.oss-cn-shenzhen.aliyuncs.com/test/lqc-app/aa271c08225243369ff9d3fd8c60d9fc.jpg,https://lqc-public-oss-pre.oss-cn-shenzhen.aliyuncs.com/test/lqc-app/7a2e3e26c28c4350bc30e9d56232cf15.jpg","replyStatus":0,"replyText":null,"replyTime":null,"replyerName":"启程智远"},{"id":"1846824631771873281","appUserId":"1840678944340381697","appUserName":"用户188****7806","appUserSubmitName":"用户188****7806","appUserPhone":"18813537806","submitIssueType":1,"submitIssueDescription":"id","submitIssueTime":"2024-10-17 16:04:40","uploadImageUrl":"https://lqc-public-oss-pre.oss-cn-shenzhen.aliyuncs.com/test/lqc-app/c5c931dadc424b71a60326da53828fb6.jpg","replyStatus":0,"replyText":null,"replyTime":null,"replyerName":"启程智远"}]}}
[2024-10-18_09:59:16] - [test_excel_api.py:249] INFO 提取变量：1846829897804431361
[2024-10-18_09:59:16] - [test_excel_api.py:149] INFO 响应数据：{"code":200,"msg":"Success","data":{"page":1,"size":10,"total":3,"list":[{"id":"1846829897804431361","appUserId":"1840678944340381697","appUserName":"用户188****7806","appUserSubmitName":"用户188****7806","appUserPhone":"18813537806","submitIssueType":2,"submitIssueDescription":"你好啊","submitIssueTime":"2024-10-17 16:25:36","uploadImageUrl":"https://lqc-public-oss-pre.oss-cn-shenzhen.aliyuncs.com/test/lqc-app/07af737658234db3a8c56cbfad25615f.jpg,https://lqc-public-oss-pre.oss-cn-shenzhen.aliyuncs.com/test/lqc-app/601600986bd14571a9040503c9b3d448.jpg,https://lqc-public-oss-pre.oss-cn-shenzhen.aliyuncs.com/test/lqc-app/09386e440a234dde899ac65791f41791.jpg,https://lqc-public-oss-pre.oss-cn-shenzhen.aliyuncs.com/test/lqc-app/177da93adbca4714b47eb6afd1676999.jpg,https://lqc-public-oss-pre.oss-cn-shenzhen.aliyuncs.com/test/lqc-app/aa271c08225243369ff9d3fd8c60d9fc.jpg,https://lqc-public-oss-pre.oss-cn-shenzhen.aliyuncs.com/test/lqc-app/7a2e3e26c28c4350bc30e9d56232cf15.jpg,https://lqc-public-oss-pre.oss-cn-shenzhen.aliyuncs.com/test/lqc-app/3f7ad35ddfeb4f9dac7128e549807d80.jpeg","replyStatus":0,"replyText":null,"replyTime":null,"replyerName":"启程智远"},{"id":"1846829608825274369","appUserId":"1840678944340381697","appUserName":"用户188****7806","appUserSubmitName":"用户188****7806","appUserPhone":"18813537806","submitIssueType":2,"submitIssueDescription":"你好啊","submitIssueTime":"2024-10-17 16:24:27","uploadImageUrl":"https://lqc-public-oss-pre.oss-cn-shenzhen.aliyuncs.com/test/lqc-app/07af737658234db3a8c56cbfad25615f.jpg,https://lqc-public-oss-pre.oss-cn-shenzhen.aliyuncs.com/test/lqc-app/601600986bd14571a9040503c9b3d448.jpg,https://lqc-public-oss-pre.oss-cn-shenzhen.aliyuncs.com/test/lqc-app/09386e440a234dde899ac65791f41791.jpg,https://lqc-public-oss-pre.oss-cn-shenzhen.aliyuncs.com/test/lqc-app/177da93adbca4714b47eb6afd1676999.jpg,https://lqc-public-oss-pre.oss-cn-shenzhen.aliyuncs.com/test/lqc-app/aa271c08225243369ff9d3fd8c60d9fc.jpg,https://lqc-public-oss-pre.oss-cn-shenzhen.aliyuncs.com/test/lqc-app/7a2e3e26c28c4350bc30e9d56232cf15.jpg","replyStatus":0,"replyText":null,"replyTime":null,"replyerName":"启程智远"},{"id":"1846824631771873281","appUserId":"1840678944340381697","appUserName":"用户188****7806","appUserSubmitName":"用户188****7806","appUserPhone":"18813537806","submitIssueType":1,"submitIssueDescription":"id","submitIssueTime":"2024-10-17 16:04:40","uploadImageUrl":"https://lqc-public-oss-pre.oss-cn-shenzhen.aliyuncs.com/test/lqc-app/c5c931dadc424b71a60326da53828fb6.jpg","replyStatus":0,"replyText":null,"replyTime":null,"replyerName":"启程智远"}]}}
[2024-10-18_09:59:16] - [test_excel_api.py:165] WARNING 请求参数：{"pageNo":1,"pageSize":10,"appUserName":"用户188****7806","replyStatus":0}
[2024-10-18_09:59:16] - [run_x_test_runner_send_main.py:56] ERROR test_api_17 (test_excel_api.TestAPI.test_api_17)
Traceback (most recent call last):
  File "D:\Users\Administrator\AppData\Local\Programs\Python\Python312\Lib\unittest\case.py", line 58, in testPartExecutor
    yield
  File "D:\Users\Administrator\AppData\Local\Programs\Python\Python312\Lib\unittest\case.py", line 634, in run
    self._callTestMethod(testMethod)
  File "D:\Users\Administrator\AppData\Local\Programs\Python\Python312\Lib\unittest\case.py", line 589, in _callTestMethod
    if method() is not None:
       ^^^^^^^^
  File "D:\Users\Administrator\AppData\Local\Programs\Python\Python312\Lib\site-packages\ddt.py", line 221, in wrapper
    return func(self, *args, **kwargs)
           ^^^^^^^^^^^^^^^^^^^^^^^^^^^
  File "D:\mytest\UnittestDemo\testcase\test_excel_api.py", line 166, in test_api
    raise e
  File "D:\mytest\UnittestDemo\testcase\test_excel_api.py", line 161, in test_api
    self.assertIn(msg, response.content.decode("utf-8"), f"{case_id} {title} {url}")
AssertionError: '测试反馈内容' not found in '{"code":200,"msg":"Success","data":{"page":1,"size":10,"total":3,"list":[{"id":"1846829897804431361","appUserId":"1840678944340381697","appUserName":"用户188****7806","appUserSubmitName":"用户188****7806","appUserPhone":"18813537806","submitIssueType":2,"submitIssueDescription":"你好啊","submitIssueTime":"2024-10-17 16:25:36","uploadImageUrl":"https://lqc-public-oss-pre.oss-cn-shenzhen.aliyuncs.com/test/lqc-app/07af737658234db3a8c56cbfad25615f.jpg,https://lqc-public-oss-pre.oss-cn-shenzhen.aliyuncs.com/test/lqc-app/601600986bd14571a9040503c9b3d448.jpg,https://lqc-public-oss-pre.oss-cn-shenzhen.aliyuncs.com/test/lqc-app/09386e440a234dde899ac65791f41791.jpg,https://lqc-public-oss-pre.oss-cn-shenzhen.aliyuncs.com/test/lqc-app/177da93adbca4714b47eb6afd1676999.jpg,https://lqc-public-oss-pre.oss-cn-shenzhen.aliyuncs.com/test/lqc-app/aa271c08225243369ff9d3fd8c60d9fc.jpg,https://lqc-public-oss-pre.oss-cn-shenzhen.aliyuncs.com/test/lqc-app/7a2e3e26c28c4350bc30e9d56232cf15.jpg,https://lqc-public-oss-pre.oss-cn-shenzhen.aliyuncs.com/test/lqc-app/3f7ad35ddfeb4f9dac7128e549807d80.jpeg","replyStatus":0,"replyText":null,"replyTime":null,"replyerName":"启程智远"},{"id":"1846829608825274369","appUserId":"1840678944340381697","appUserName":"用户188****7806","appUserSubmitName":"用户188****7806","appUserPhone":"18813537806","submitIssueType":2,"submitIssueDescription":"你好啊","submitIssueTime":"2024-10-17 16:24:27","uploadImageUrl":"https://lqc-public-oss-pre.oss-cn-shenzhen.aliyuncs.com/test/lqc-app/07af737658234db3a8c56cbfad25615f.jpg,https://lqc-public-oss-pre.oss-cn-shenzhen.aliyuncs.com/test/lqc-app/601600986bd14571a9040503c9b3d448.jpg,https://lqc-public-oss-pre.oss-cn-shenzhen.aliyuncs.com/test/lqc-app/09386e440a234dde899ac65791f41791.jpg,https://lqc-public-oss-pre.oss-cn-shenzhen.aliyuncs.com/test/lqc-app/177da93adbca4714b47eb6afd1676999.jpg,https://lqc-public-oss-pre.oss-cn-shenzhen.aliyuncs.com/test/lqc-app/aa271c08225243369ff9d3fd8c60d9fc.jpg,https://lqc-public-oss-pre.oss-cn-shenzhen.aliyuncs.com/test/lqc-app/7a2e3e26c28c4350bc30e9d56232cf15.jpg","replyStatus":0,"replyText":null,"replyTime":null,"replyerName":"启程智远"},{"id":"1846824631771873281","appUserId":"1840678944340381697","appUserName":"用户188****7806","appUserSubmitName":"用户188****7806","appUserPhone":"18813537806","submitIssueType":1,"submitIssueDescription":"id","submitIssueTime":"2024-10-17 16:04:40","uploadImageUrl":"https://lqc-public-oss-pre.oss-cn-shenzhen.aliyuncs.com/test/lqc-app/c5c931dadc424b71a60326da53828fb6.jpg","replyStatus":0,"replyText":null,"replyTime":null,"replyerName":"启程智远"}]}}' : lqc_18 查询根据用户名查询没有回复的记录 /test-api/system/applet/feedback/backend/list
[2024-10-18_09:59:16] - [test_excel_api.py:229] INFO 变量替换：variable1 => 1846829897804431361
[2024-10-18_09:59:16] - [test_excel_api.py:149] INFO 响应数据：{"code":200,"msg":null,"data":null}
[2024-10-18_09:59:16] - [test_excel_api.py:165] WARNING 请求参数：{"id":"1846829897804431361","replyText":"测试超过200字符公示为由关键词配置自动识别的政策数公示为由关键词配置自动识别的政策数公示为由关键词配置自动识别的政策数公示为由关键词配置自动识别的政策数公示为由关键词配置自动识别的政策数公示为由关键词配置自动识别的政策数公示为由关键词配置自动识别的政策数公示为由关键词配置自动识别的政策数公示为由关键词配置自动识别的政策数公示为由关键词配置自动识别的政策数公示为由关键词配置自动识别的政策数公示为由关键词配置自动识别的政策数"}
[2024-10-18_09:59:16] - [run_x_test_runner_send_main.py:56] ERROR test_api_18 (test_excel_api.TestAPI.test_api_18)
Traceback (most recent call last):
  File "D:\Users\Administrator\AppData\Local\Programs\Python\Python312\Lib\unittest\case.py", line 58, in testPartExecutor
    yield
  File "D:\Users\Administrator\AppData\Local\Programs\Python\Python312\Lib\unittest\case.py", line 634, in run
    self._callTestMethod(testMethod)
  File "D:\Users\Administrator\AppData\Local\Programs\Python\Python312\Lib\unittest\case.py", line 589, in _callTestMethod
    if method() is not None:
       ^^^^^^^^
  File "D:\Users\Administrator\AppData\Local\Programs\Python\Python312\Lib\site-packages\ddt.py", line 221, in wrapper
    return func(self, *args, **kwargs)
           ^^^^^^^^^^^^^^^^^^^^^^^^^^^
  File "D:\mytest\UnittestDemo\testcase\test_excel_api.py", line 166, in test_api
    raise e
  File "D:\mytest\UnittestDemo\testcase\test_excel_api.py", line 161, in test_api
    self.assertIn(msg, response.content.decode("utf-8"), f"{case_id} {title} {url}")
AssertionError: '"code":400' not found in '{"code":200,"msg":null,"data":null}' : lqc_19 回复问题反馈超过200字符 /test-api/system/applet/feedback/backend/reply
[2024-10-18_09:59:16] - [test_excel_api.py:229] INFO 变量替换：variable1 => 1846829897804431361
[2024-10-18_09:59:16] - [test_excel_api.py:149] INFO 响应数据：{"code":200,"msg":null,"data":null}
[2024-10-18_09:59:16] - [test_excel_api.py:229] INFO 变量替换：variable1 => 1846829897804431361
[2024-10-18_09:59:16] - [test_excel_api.py:149] INFO 响应数据：{"code":200,"msg":null,"data":null}
[2024-10-18_09:59:16] - [test_excel_api.py:165] WARNING 请求参数：{"id":"1846829897804431361","replyText":"测试回复问题反馈"}
[2024-10-18_09:59:17] - [run_x_test_runner_send_main.py:56] ERROR test_api_20 (test_excel_api.TestAPI.test_api_20)
Traceback (most recent call last):
  File "D:\Users\Administrator\AppData\Local\Programs\Python\Python312\Lib\unittest\case.py", line 58, in testPartExecutor
    yield
  File "D:\Users\Administrator\AppData\Local\Programs\Python\Python312\Lib\unittest\case.py", line 634, in run
    self._callTestMethod(testMethod)
  File "D:\Users\Administrator\AppData\Local\Programs\Python\Python312\Lib\unittest\case.py", line 589, in _callTestMethod
    if method() is not None:
       ^^^^^^^^
  File "D:\Users\Administrator\AppData\Local\Programs\Python\Python312\Lib\site-packages\ddt.py", line 221, in wrapper
    return func(self, *args, **kwargs)
           ^^^^^^^^^^^^^^^^^^^^^^^^^^^
  File "D:\mytest\UnittestDemo\testcase\test_excel_api.py", line 166, in test_api
    raise e
  File "D:\mytest\UnittestDemo\testcase\test_excel_api.py", line 161, in test_api
    self.assertIn(msg, response.content.decode("utf-8"), f"{case_id} {title} {url}")
AssertionError: '"code":400' not found in '{"code":200,"msg":null,"data":null}' : lqc_21 第二次回复同一个问题反馈 /test-api/system/applet/feedback/backend/reply
[2024-10-18_09:59:17] - [test_excel_api.py:149] INFO 响应数据：{"code":200,"msg":"Success","data":[49489]}
[2024-10-18_09:59:17] - [run_x_test_runner_send_main.py:130] INFO 报告路径：D:\mytest\UnittestDemo\reports\result-20241018.html
[2024-10-18_11:45:50] - [run_x_test_runner_send_main.py:251] INFO main start...
[2024-10-18_11:45:50] - [test_excel_api.py:149] INFO 响应数据：{"code":200,"msg":"Success","data":{"page":1,"size":15,"total":1,"list":[{"id":"1846813020097077250","name":"测试2024年1月深圳市项目","deptName":"深圳市龙岗政府在线","officialPublishTime":"2024-01-01 00:00:00","reportDeadLine":null}]}}
[2024-10-18_11:45:51] - [test_excel_api.py:149] INFO 响应数据：{"code":200,"msg":"Success","data":{"page":1,"size":15,"total":1,"list":[{"id":"1846813577784320002","name":"测试2023年深圳市市级项目","deptName":"深圳市发展和改革委员会","officialPublishTime":"2023-10-01 00:00:00","reportDeadLine":null}]}}
[2024-10-18_11:45:51] - [test_excel_api.py:149] INFO 响应数据：{"code":200,"msg":"Success","data":{"page":1,"size":15,"total":17,"list":[{"id":"1829424338901893122","name":"新增测试公示1","deptName":"工信经济测试","officialPublishTime":"2024-08-30 15:18:59"},{"id":"1826550431404634114","name":"深圳公示14","deptName":"测试知识","officialPublishTime":"2024-08-22 17:22:11"},{"id":"1792377649850699777","name":"测试关于新型冠状病毒疫情防控期间延长我市社会保险缴费工作的通告","deptName":"测试认证认可部门12","officialPublishTime":"2024-08-12 14:20:02"},{"id":"1791676620159000577","name":"0812工信关于做好2020年度专业技术人员继续教育项目计划备案的通知","deptName":"深圳市龙岗政府在线","officialPublishTime":"2024-08-09 00:00:00"},{"id":"1821809302314389506","name":"广州公示0809","deptName":"工信经济测试","officialPublishTime":"2024-08-09 00:00:00"},{"id":"1791001276800262146","name":"关于开展青岛市2021年第二次博士后资助申报工作的通知","deptName":"深圳市龙岗政府在线","officialPublishTime":"2024-08-05 00:00:00"},{"id":"1821792987881213954","name":"关于鼓励企业开展岗前技能培训工作的通知","deptName":"福田区企业服务智能系统平台","officialPublishTime":"2024-08-03 00:00:00"},{"id":"1791001052484689922","name":"关于做好2022年国家级博士后科研工作站新设站（第二批）申报工作的通知","deptName":"光明区企业服务门户","officialPublishTime":"2024-07-17 00:00:00"},{"id":"1797512470608441345","name":"笔试成绩1","deptName":"福田区企业服务智能系统平台","officialPublishTime":"2024-06-26 00:00:00"},{"id":"1797468996995608578","name":"新增公示","deptName":"光明区企业服务门户","officialPublishTime":"2024-06-03 11:22:53"},{"id":"1790928470779584514","name":"test1公式新增2","deptName":"深圳市龙岗政府在线","officialPublishTime":"2024-05-16 10:13:05"},{"id":"1790631237412675585","name":"审核无效4","deptName":"光明区企业服务门户","officialPublishTime":"2024-05-15 14:32:08"},{"id":"1790626839424884737","name":"公示行业","deptName":"光明区企业服务门户","officialPublishTime":"2024-05-15 14:14:07"},{"id":"1783700258106376193","name":"企业库测试1","deptName":"深圳市南山区发展与改革局","officialPublishTime":"2024-04-25 00:00:00"},{"id":"1778303714515456002","name":"test13","deptName":"光明区企业服务门户","officialPublishTime":"2024-04-11 14:05:12"}]}}
[2024-10-18_11:45:51] - [test_excel_api.py:149] INFO 响应数据：{"code":200,"msg":"Success","data":{"page":1,"size":15,"total":1,"list":[{"id":"1846814045096894465","policyName":"测试2024年10月政策","informationType":2,"deptName":"深圳市龙岗政府在线","officialPublishTime":"2024-10-01 00:00:00"}]}}
[2024-10-18_11:45:51] - [test_excel_api.py:149] INFO 响应数据：{"code":200,"msg":null,"data":null}
[2024-10-18_11:45:51] - [test_excel_api.py:149] INFO 响应数据：{"code":400,"msg":"过滤范围不能为空","data":null}
[2024-10-18_11:45:51] - [test_excel_api.py:149] INFO 响应数据：{"code":400,"msg":"过滤词数量必须在1到50之间","data":null}
[2024-10-18_11:45:51] - [test_excel_api.py:149] INFO 响应数据：{"code":400,"msg":"过滤范围不能为空","data":null}
[2024-10-18_11:45:52] - [test_excel_api.py:149] INFO 响应数据：{"code":400,"msg":"上传的图片不能为空","data":null}
[2024-10-18_11:45:52] - [test_excel_api.py:149] INFO 响应数据：{"code":400,"msg":"上传的图片不能为空","data":null}
[2024-10-18_11:45:52] - [test_excel_api.py:149] INFO 响应数据：{"code":400,"msg":"反馈内容不能为空","data":null}
[2024-10-18_11:45:52] - [test_excel_api.py:149] INFO 响应数据：{"code":400,"msg":"反馈内容字数不能超过200","data":null}
[2024-10-18_11:45:52] - [test_excel_api.py:149] INFO 响应数据：{"code":400,"msg":"姓名不能为空","data":null}
[2024-10-18_11:45:52] - [test_excel_api.py:149] INFO 响应数据：{"code":400,"msg":"姓名不能为空","data":null}
[2024-10-18_11:45:53] - [test_excel_api.py:149] INFO 响应数据：{"code":200,"msg":null,"data":null}
[2024-10-18_11:45:53] - [test_excel_api.py:149] INFO 响应数据：{"code":200,"msg":"Success","data":{"page":1,"size":15,"total":4,"list":[{"id":"1846836599526277121","appUserId":"1840678944340381697","appUserName":"用户188****7806","appUserSubmitName":"用户188****7806","appUserPhone":"18813537806","submitIssueType":1,"submitIssueDescription":"测试反馈内容","submitIssueTime":"2024-10-17 16:52:13","uploadImageUrl":"https://lqc-public-oss-pre.oss-cn-shenzhen.aliyuncs.com/test/lqc-app/c5c931dadc424b71a60326da53828fb6.jpg","replyStatus":1,"replyText":"字段枚举值为：项目、政策资讯、通知文件、产业政策、公示、其他。其中项目、政策资讯、通知文件、产业政策、公示为由关键词配置自动识别的政策数据，‘其他’为未识别出的政策数据（即未击中关键词）识别为项目的政策数据，数据字段说明如下字段枚举值为：项目、政策资讯、通知文件、产业政策、公示、其他。其中项目、政策资讯、通知文件、产业政策、公示为由关键词配置自动识别的政策数据，‘其他’为未识别出的政策数据（即未击中关键词）识别为项目的政策数据，数据字段说明如下","replyTime":"2024-10-17 17:31:17","replyerName":"启程智远"},{"id":"1846829897804431361","appUserId":"1840678944340381697","appUserName":"用户188****7806","appUserSubmitName":"用户188****7806","appUserPhone":"18813537806","submitIssueType":2,"submitIssueDescription":"你好啊","submitIssueTime":"2024-10-17 16:25:36","uploadImageUrl":"https://lqc-public-oss-pre.oss-cn-shenzhen.aliyuncs.com/test/lqc-app/07af737658234db3a8c56cbfad25615f.jpg,https://lqc-public-oss-pre.oss-cn-shenzhen.aliyuncs.com/test/lqc-app/601600986bd14571a9040503c9b3d448.jpg,https://lqc-public-oss-pre.oss-cn-shenzhen.aliyuncs.com/test/lqc-app/09386e440a234dde899ac65791f41791.jpg,https://lqc-public-oss-pre.oss-cn-shenzhen.aliyuncs.com/test/lqc-app/177da93adbca4714b47eb6afd1676999.jpg,https://lqc-public-oss-pre.oss-cn-shenzhen.aliyuncs.com/test/lqc-app/aa271c08225243369ff9d3fd8c60d9fc.jpg,https://lqc-public-oss-pre.oss-cn-shenzhen.aliyuncs.com/test/lqc-app/7a2e3e26c28c4350bc30e9d56232cf15.jpg,https://lqc-public-oss-pre.oss-cn-shenzhen.aliyuncs.com/test/lqc-app/3f7ad35ddfeb4f9dac7128e549807d80.jpeg","replyStatus":1,"replyText":"测试超过200字符公示为由关键词配置自动识别的政策数公示为由关键词配置自动识别的政策数公示为由关键词配置自动识别的政策数公示为由关键词配置自动识别的政策数公示为由关键词配置自动识别的政策数公示为由关键词配置自动识别的政策数公示为由关键词配置自动识别的政策数公示为由关键词配置自动识别的政策数公示为由关键词配置自动识别的政策数公示为由关键词配置自动识别的政策数公示为由关键词配置自动识别的政策数公示为由关键词配置自动识别的政策数","replyTime":"2024-10-18 09:59:18","replyerName":"启程智远"},{"id":"1846829608825274369","appUserId":"1840678944340381697","appUserName":"用户188****7806","appUserSubmitName":"用户188****7806","appUserPhone":"18813537806","submitIssueType":2,"submitIssueDescription":"你好啊","submitIssueTime":"2024-10-17 16:24:27","uploadImageUrl":"https://lqc-public-oss-pre.oss-cn-shenzhen.aliyuncs.com/test/lqc-app/07af737658234db3a8c56cbfad25615f.jpg,https://lqc-public-oss-pre.oss-cn-shenzhen.aliyuncs.com/test/lqc-app/601600986bd14571a9040503c9b3d448.jpg,https://lqc-public-oss-pre.oss-cn-shenzhen.aliyuncs.com/test/lqc-app/09386e440a234dde899ac65791f41791.jpg,https://lqc-public-oss-pre.oss-cn-shenzhen.aliyuncs.com/test/lqc-app/177da93adbca4714b47eb6afd1676999.jpg,https://lqc-public-oss-pre.oss-cn-shenzhen.aliyuncs.com/test/lqc-app/aa271c08225243369ff9d3fd8c60d9fc.jpg,https://lqc-public-oss-pre.oss-cn-shenzhen.aliyuncs.com/test/lqc-app/7a2e3e26c28c4350bc30e9d56232cf15.jpg","replyStatus":0,"replyText":null,"replyTime":null,"replyerName":"启程智远"},{"id":"1846824631771873281","appUserId":"1840678944340381697","appUserName":"用户188****7806","appUserSubmitName":"用户188****7806","appUserPhone":"18813537806","submitIssueType":1,"submitIssueDescription":"id","submitIssueTime":"2024-10-17 16:04:40","uploadImageUrl":"https://lqc-public-oss-pre.oss-cn-shenzhen.aliyuncs.com/test/lqc-app/c5c931dadc424b71a60326da53828fb6.jpg","replyStatus":0,"replyText":null,"replyTime":null,"replyerName":"启程智远"}]}}
[2024-10-18_11:45:53] - [test_excel_api.py:249] INFO 提取变量：1846829608825274369
[2024-10-18_11:45:53] - [test_excel_api.py:149] INFO 响应数据：{"code":200,"msg":"Success","data":{"page":1,"size":10,"total":2,"list":[{"id":"1846829608825274369","appUserId":"1840678944340381697","appUserName":"用户188****7806","appUserSubmitName":"用户188****7806","appUserPhone":"18813537806","submitIssueType":2,"submitIssueDescription":"你好啊","submitIssueTime":"2024-10-17 16:24:27","uploadImageUrl":"https://lqc-public-oss-pre.oss-cn-shenzhen.aliyuncs.com/test/lqc-app/07af737658234db3a8c56cbfad25615f.jpg,https://lqc-public-oss-pre.oss-cn-shenzhen.aliyuncs.com/test/lqc-app/601600986bd14571a9040503c9b3d448.jpg,https://lqc-public-oss-pre.oss-cn-shenzhen.aliyuncs.com/test/lqc-app/09386e440a234dde899ac65791f41791.jpg,https://lqc-public-oss-pre.oss-cn-shenzhen.aliyuncs.com/test/lqc-app/177da93adbca4714b47eb6afd1676999.jpg,https://lqc-public-oss-pre.oss-cn-shenzhen.aliyuncs.com/test/lqc-app/aa271c08225243369ff9d3fd8c60d9fc.jpg,https://lqc-public-oss-pre.oss-cn-shenzhen.aliyuncs.com/test/lqc-app/7a2e3e26c28c4350bc30e9d56232cf15.jpg","replyStatus":0,"replyText":null,"replyTime":null,"replyerName":"启程智远"},{"id":"1846824631771873281","appUserId":"1840678944340381697","appUserName":"用户188****7806","appUserSubmitName":"用户188****7806","appUserPhone":"18813537806","submitIssueType":1,"submitIssueDescription":"id","submitIssueTime":"2024-10-17 16:04:40","uploadImageUrl":"https://lqc-public-oss-pre.oss-cn-shenzhen.aliyuncs.com/test/lqc-app/c5c931dadc424b71a60326da53828fb6.jpg","replyStatus":0,"replyText":null,"replyTime":null,"replyerName":"启程智远"}]}}
[2024-10-18_11:45:53] - [test_excel_api.py:165] WARNING 请求参数：{"pageNo":1,"pageSize":10,"appUserName":"用户188****7806","replyStatus":0}
[2024-10-18_11:45:53] - [run_x_test_runner_send_main.py:56] ERROR test_api_17 (test_excel_api.TestAPI.test_api_17)
Traceback (most recent call last):
  File "D:\Users\Administrator\AppData\Local\Programs\Python\Python312\Lib\unittest\case.py", line 58, in testPartExecutor
    yield
  File "D:\Users\Administrator\AppData\Local\Programs\Python\Python312\Lib\unittest\case.py", line 634, in run
    self._callTestMethod(testMethod)
  File "D:\Users\Administrator\AppData\Local\Programs\Python\Python312\Lib\unittest\case.py", line 589, in _callTestMethod
    if method() is not None:
       ^^^^^^^^
  File "D:\Users\Administrator\AppData\Local\Programs\Python\Python312\Lib\site-packages\ddt.py", line 221, in wrapper
    return func(self, *args, **kwargs)
           ^^^^^^^^^^^^^^^^^^^^^^^^^^^
  File "D:\mytest\UnittestDemo\testcase\test_excel_api.py", line 166, in test_api
    raise e
  File "D:\mytest\UnittestDemo\testcase\test_excel_api.py", line 161, in test_api
    self.assertIn(msg, response.content.decode("utf-8"), f"{case_id} {title} {url}")
AssertionError: '测试反馈内容' not found in '{"code":200,"msg":"Success","data":{"page":1,"size":10,"total":2,"list":[{"id":"1846829608825274369","appUserId":"1840678944340381697","appUserName":"用户188****7806","appUserSubmitName":"用户188****7806","appUserPhone":"18813537806","submitIssueType":2,"submitIssueDescription":"你好啊","submitIssueTime":"2024-10-17 16:24:27","uploadImageUrl":"https://lqc-public-oss-pre.oss-cn-shenzhen.aliyuncs.com/test/lqc-app/07af737658234db3a8c56cbfad25615f.jpg,https://lqc-public-oss-pre.oss-cn-shenzhen.aliyuncs.com/test/lqc-app/601600986bd14571a9040503c9b3d448.jpg,https://lqc-public-oss-pre.oss-cn-shenzhen.aliyuncs.com/test/lqc-app/09386e440a234dde899ac65791f41791.jpg,https://lqc-public-oss-pre.oss-cn-shenzhen.aliyuncs.com/test/lqc-app/177da93adbca4714b47eb6afd1676999.jpg,https://lqc-public-oss-pre.oss-cn-shenzhen.aliyuncs.com/test/lqc-app/aa271c08225243369ff9d3fd8c60d9fc.jpg,https://lqc-public-oss-pre.oss-cn-shenzhen.aliyuncs.com/test/lqc-app/7a2e3e26c28c4350bc30e9d56232cf15.jpg","replyStatus":0,"replyText":null,"replyTime":null,"replyerName":"启程智远"},{"id":"1846824631771873281","appUserId":"1840678944340381697","appUserName":"用户188****7806","appUserSubmitName":"用户188****7806","appUserPhone":"18813537806","submitIssueType":1,"submitIssueDescription":"id","submitIssueTime":"2024-10-17 16:04:40","uploadImageUrl":"https://lqc-public-oss-pre.oss-cn-shenzhen.aliyuncs.com/test/lqc-app/c5c931dadc424b71a60326da53828fb6.jpg","replyStatus":0,"replyText":null,"replyTime":null,"replyerName":"启程智远"}]}}' : lqc_18 查询根据用户名查询没有回复的记录 /test-api/system/applet/feedback/backend/list
[2024-10-18_11:45:53] - [test_excel_api.py:229] INFO 变量替换：variable1 => 1846829608825274369
[2024-10-18_11:45:53] - [test_excel_api.py:149] INFO 响应数据：{"code":200,"msg":null,"data":null}
[2024-10-18_11:45:53] - [test_excel_api.py:165] WARNING 请求参数：{"id":"1846829608825274369","replyText":"测试超过200字符公示为由关键词配置自动识别的政策数公示为由关键词配置自动识别的政策数公示为由关键词配置自动识别的政策数公示为由关键词配置自动识别的政策数公示为由关键词配置自动识别的政策数公示为由关键词配置自动识别的政策数公示为由关键词配置自动识别的政策数公示为由关键词配置自动识别的政策数公示为由关键词配置自动识别的政策数公示为由关键词配置自动识别的政策数公示为由关键词配置自动识别的政策数公示为由关键词配置自动识别的政策数"}
[2024-10-18_11:45:53] - [run_x_test_runner_send_main.py:56] ERROR test_api_18 (test_excel_api.TestAPI.test_api_18)
Traceback (most recent call last):
  File "D:\Users\Administrator\AppData\Local\Programs\Python\Python312\Lib\unittest\case.py", line 58, in testPartExecutor
    yield
  File "D:\Users\Administrator\AppData\Local\Programs\Python\Python312\Lib\unittest\case.py", line 634, in run
    self._callTestMethod(testMethod)
  File "D:\Users\Administrator\AppData\Local\Programs\Python\Python312\Lib\unittest\case.py", line 589, in _callTestMethod
    if method() is not None:
       ^^^^^^^^
  File "D:\Users\Administrator\AppData\Local\Programs\Python\Python312\Lib\site-packages\ddt.py", line 221, in wrapper
    return func(self, *args, **kwargs)
           ^^^^^^^^^^^^^^^^^^^^^^^^^^^
  File "D:\mytest\UnittestDemo\testcase\test_excel_api.py", line 166, in test_api
    raise e
  File "D:\mytest\UnittestDemo\testcase\test_excel_api.py", line 161, in test_api
    self.assertIn(msg, response.content.decode("utf-8"), f"{case_id} {title} {url}")
AssertionError: '"code":400' not found in '{"code":200,"msg":null,"data":null}' : lqc_19 回复问题反馈超过200字符 /test-api/system/applet/feedback/backend/reply
[2024-10-18_11:45:53] - [test_excel_api.py:229] INFO 变量替换：variable1 => 1846829608825274369
[2024-10-18_11:45:53] - [test_excel_api.py:149] INFO 响应数据：{"code":200,"msg":null,"data":null}
[2024-10-18_11:45:53] - [test_excel_api.py:229] INFO 变量替换：variable1 => 1846829608825274369
[2024-10-18_11:45:53] - [test_excel_api.py:149] INFO 响应数据：{"code":200,"msg":null,"data":null}
[2024-10-18_11:45:53] - [test_excel_api.py:165] WARNING 请求参数：{"id":"1846829608825274369","replyText":"测试回复问题反馈"}
[2024-10-18_11:45:53] - [run_x_test_runner_send_main.py:56] ERROR test_api_20 (test_excel_api.TestAPI.test_api_20)
Traceback (most recent call last):
  File "D:\Users\Administrator\AppData\Local\Programs\Python\Python312\Lib\unittest\case.py", line 58, in testPartExecutor
    yield
  File "D:\Users\Administrator\AppData\Local\Programs\Python\Python312\Lib\unittest\case.py", line 634, in run
    self._callTestMethod(testMethod)
  File "D:\Users\Administrator\AppData\Local\Programs\Python\Python312\Lib\unittest\case.py", line 589, in _callTestMethod
    if method() is not None:
       ^^^^^^^^
  File "D:\Users\Administrator\AppData\Local\Programs\Python\Python312\Lib\site-packages\ddt.py", line 221, in wrapper
    return func(self, *args, **kwargs)
           ^^^^^^^^^^^^^^^^^^^^^^^^^^^
  File "D:\mytest\UnittestDemo\testcase\test_excel_api.py", line 166, in test_api
    raise e
  File "D:\mytest\UnittestDemo\testcase\test_excel_api.py", line 161, in test_api
    self.assertIn(msg, response.content.decode("utf-8"), f"{case_id} {title} {url}")
AssertionError: '"code":400' not found in '{"code":200,"msg":null,"data":null}' : lqc_21 第二次回复同一个问题反馈 /test-api/system/applet/feedback/backend/reply
[2024-10-18_11:45:53] - [test_excel_api.py:149] INFO 响应数据：{"code":200,"msg":"Success","data":[49489]}
[2024-10-18_11:45:54] - [run_x_test_runner_send_main.py:130] INFO 报告路径：D:\mytest\UnittestDemo\reports\result-20241018.html
[2024-10-18_11:48:46] - [run_x_test_runner_send_main.py:251] INFO main start...
[2024-10-18_11:48:46] - [test_excel_api.py:149] INFO 响应数据：{"code":200,"msg":"Success","data":{"page":1,"size":15,"total":1,"list":[{"id":"1846813020097077250","name":"测试2024年1月深圳市项目","deptName":"深圳市龙岗政府在线","officialPublishTime":"2024-01-01 00:00:00","reportDeadLine":null}]}}
[2024-10-18_11:48:47] - [test_excel_api.py:149] INFO 响应数据：{"code":200,"msg":"Success","data":{"page":1,"size":15,"total":1,"list":[{"id":"1846813577784320002","name":"测试2023年深圳市市级项目","deptName":"深圳市发展和改革委员会","officialPublishTime":"2023-10-01 00:00:00","reportDeadLine":null}]}}
[2024-10-18_11:48:47] - [test_excel_api.py:149] INFO 响应数据：{"code":200,"msg":"Success","data":{"page":1,"size":15,"total":17,"list":[{"id":"1829424338901893122","name":"新增测试公示1","deptName":"工信经济测试","officialPublishTime":"2024-08-30 15:18:59"},{"id":"1826550431404634114","name":"深圳公示14","deptName":"测试知识","officialPublishTime":"2024-08-22 17:22:11"},{"id":"1792377649850699777","name":"测试关于新型冠状病毒疫情防控期间延长我市社会保险缴费工作的通告","deptName":"测试认证认可部门12","officialPublishTime":"2024-08-12 14:20:02"},{"id":"1791676620159000577","name":"0812工信关于做好2020年度专业技术人员继续教育项目计划备案的通知","deptName":"深圳市龙岗政府在线","officialPublishTime":"2024-08-09 00:00:00"},{"id":"1821809302314389506","name":"广州公示0809","deptName":"工信经济测试","officialPublishTime":"2024-08-09 00:00:00"},{"id":"1791001276800262146","name":"关于开展青岛市2021年第二次博士后资助申报工作的通知","deptName":"深圳市龙岗政府在线","officialPublishTime":"2024-08-05 00:00:00"},{"id":"1821792987881213954","name":"关于鼓励企业开展岗前技能培训工作的通知","deptName":"福田区企业服务智能系统平台","officialPublishTime":"2024-08-03 00:00:00"},{"id":"1791001052484689922","name":"关于做好2022年国家级博士后科研工作站新设站（第二批）申报工作的通知","deptName":"光明区企业服务门户","officialPublishTime":"2024-07-17 00:00:00"},{"id":"1797512470608441345","name":"笔试成绩1","deptName":"福田区企业服务智能系统平台","officialPublishTime":"2024-06-26 00:00:00"},{"id":"1797468996995608578","name":"新增公示","deptName":"光明区企业服务门户","officialPublishTime":"2024-06-03 11:22:53"},{"id":"1790928470779584514","name":"test1公式新增2","deptName":"深圳市龙岗政府在线","officialPublishTime":"2024-05-16 10:13:05"},{"id":"1790631237412675585","name":"审核无效4","deptName":"光明区企业服务门户","officialPublishTime":"2024-05-15 14:32:08"},{"id":"1790626839424884737","name":"公示行业","deptName":"光明区企业服务门户","officialPublishTime":"2024-05-15 14:14:07"},{"id":"1783700258106376193","name":"企业库测试1","deptName":"深圳市南山区发展与改革局","officialPublishTime":"2024-04-25 00:00:00"},{"id":"1778303714515456002","name":"test13","deptName":"光明区企业服务门户","officialPublishTime":"2024-04-11 14:05:12"}]}}
[2024-10-18_11:48:47] - [test_excel_api.py:149] INFO 响应数据：{"code":200,"msg":"Success","data":{"page":1,"size":15,"total":1,"list":[{"id":"1846814045096894465","policyName":"测试2024年10月政策","informationType":2,"deptName":"深圳市龙岗政府在线","officialPublishTime":"2024-10-01 00:00:00"}]}}
[2024-10-18_11:48:47] - [test_excel_api.py:149] INFO 响应数据：{"code":200,"msg":null,"data":null}
[2024-10-18_11:48:47] - [test_excel_api.py:149] INFO 响应数据：{"code":400,"msg":"过滤词数量必须在1到50之间","data":null}
[2024-10-18_11:48:47] - [test_excel_api.py:149] INFO 响应数据：{"code":400,"msg":"过滤词数量必须在1到50之间","data":null}
[2024-10-18_11:48:48] - [test_excel_api.py:149] INFO 响应数据：{"code":400,"msg":"过滤范围不能为空","data":null}
[2024-10-18_11:48:48] - [test_excel_api.py:149] INFO 响应数据：{"code":400,"msg":"上传的图片不能为空","data":null}
[2024-10-18_11:48:48] - [test_excel_api.py:149] INFO 响应数据：{"code":400,"msg":"上传的图片不能为空","data":null}
[2024-10-18_11:48:48] - [test_excel_api.py:149] INFO 响应数据：{"code":400,"msg":"反馈内容不能为空","data":null}
[2024-10-18_11:48:48] - [test_excel_api.py:149] INFO 响应数据：{"code":400,"msg":"反馈内容字数不能超过200","data":null}
[2024-10-18_11:48:48] - [test_excel_api.py:149] INFO 响应数据：{"code":400,"msg":"姓名不能为空","data":null}
[2024-10-18_11:48:49] - [test_excel_api.py:149] INFO 响应数据：{"code":400,"msg":"姓名不能为空","data":null}
[2024-10-18_11:48:49] - [test_excel_api.py:149] INFO 响应数据：{"code":200,"msg":null,"data":null}
[2024-10-18_11:48:49] - [test_excel_api.py:149] INFO 响应数据：{"code":200,"msg":"Success","data":{"page":1,"size":15,"total":4,"list":[{"id":"1847122644591394818","appUserId":"1840678944340381697","appUserName":"用户188****7806","appUserSubmitName":"用户188****7806","appUserPhone":"18813537806","submitIssueType":1,"submitIssueDescription":"测试反馈内容","submitIssueTime":"2024-10-18 11:48:51","uploadImageUrl":"https://lqc-public-oss-pre.oss-cn-shenzhen.aliyuncs.com/test/lqc-app/c5c931dadc424b71a60326da53828fb6.jpg","replyStatus":0,"replyText":null,"replyTime":null,"replyerName":"启程智远"},{"id":"1846829897804431361","appUserId":"1840678944340381697","appUserName":"用户188****7806","appUserSubmitName":"用户188****7806","appUserPhone":"18813537806","submitIssueType":2,"submitIssueDescription":"你好啊","submitIssueTime":"2024-10-17 16:25:36","uploadImageUrl":"https://lqc-public-oss-pre.oss-cn-shenzhen.aliyuncs.com/test/lqc-app/07af737658234db3a8c56cbfad25615f.jpg,https://lqc-public-oss-pre.oss-cn-shenzhen.aliyuncs.com/test/lqc-app/601600986bd14571a9040503c9b3d448.jpg,https://lqc-public-oss-pre.oss-cn-shenzhen.aliyuncs.com/test/lqc-app/09386e440a234dde899ac65791f41791.jpg,https://lqc-public-oss-pre.oss-cn-shenzhen.aliyuncs.com/test/lqc-app/177da93adbca4714b47eb6afd1676999.jpg,https://lqc-public-oss-pre.oss-cn-shenzhen.aliyuncs.com/test/lqc-app/aa271c08225243369ff9d3fd8c60d9fc.jpg,https://lqc-public-oss-pre.oss-cn-shenzhen.aliyuncs.com/test/lqc-app/7a2e3e26c28c4350bc30e9d56232cf15.jpg,https://lqc-public-oss-pre.oss-cn-shenzhen.aliyuncs.com/test/lqc-app/3f7ad35ddfeb4f9dac7128e549807d80.jpeg","replyStatus":1,"replyText":"测试超过200字符公示为由关键词配置自动识别的政策数公示为由关键词配置自动识别的政策数公示为由关键词配置自动识别的政策数公示为由关键词配置自动识别的政策数公示为由关键词配置自动识别的政策数公示为由关键词配置自动识别的政策数公示为由关键词配置自动识别的政策数公示为由关键词配置自动识别的政策数公示为由关键词配置自动识别的政策数公示为由关键词配置自动识别的政策数公示为由关键词配置自动识别的政策数公示为由关键词配置自动识别的政策数","replyTime":"2024-10-18 09:59:18","replyerName":"启程智远"},{"id":"1846829608825274369","appUserId":"1840678944340381697","appUserName":"用户188****7806","appUserSubmitName":"用户188****7806","appUserPhone":"18813537806","submitIssueType":2,"submitIssueDescription":"你好啊","submitIssueTime":"2024-10-17 16:24:27","uploadImageUrl":"https://lqc-public-oss-pre.oss-cn-shenzhen.aliyuncs.com/test/lqc-app/07af737658234db3a8c56cbfad25615f.jpg,https://lqc-public-oss-pre.oss-cn-shenzhen.aliyuncs.com/test/lqc-app/601600986bd14571a9040503c9b3d448.jpg,https://lqc-public-oss-pre.oss-cn-shenzhen.aliyuncs.com/test/lqc-app/09386e440a234dde899ac65791f41791.jpg,https://lqc-public-oss-pre.oss-cn-shenzhen.aliyuncs.com/test/lqc-app/177da93adbca4714b47eb6afd1676999.jpg,https://lqc-public-oss-pre.oss-cn-shenzhen.aliyuncs.com/test/lqc-app/aa271c08225243369ff9d3fd8c60d9fc.jpg,https://lqc-public-oss-pre.oss-cn-shenzhen.aliyuncs.com/test/lqc-app/7a2e3e26c28c4350bc30e9d56232cf15.jpg","replyStatus":1,"replyText":"测试超过200字符公示为由关键词配置自动识别的政策数公示为由关键词配置自动识别的政策数公示为由关键词配置自动识别的政策数公示为由关键词配置自动识别的政策数公示为由关键词配置自动识别的政策数公示为由关键词配置自动识别的政策数公示为由关键词配置自动识别的政策数公示为由关键词配置自动识别的政策数公示为由关键词配置自动识别的政策数公示为由关键词配置自动识别的政策数公示为由关键词配置自动识别的政策数公示为由关键词配置自动识别的政策数","replyTime":"2024-10-18 11:45:55","replyerName":"启程智远"},{"id":"1846824631771873281","appUserId":"1840678944340381697","appUserName":"用户188****7806","appUserSubmitName":"用户188****7806","appUserPhone":"18813537806","submitIssueType":1,"submitIssueDescription":"id","submitIssueTime":"2024-10-17 16:04:40","uploadImageUrl":"https://lqc-public-oss-pre.oss-cn-shenzhen.aliyuncs.com/test/lqc-app/c5c931dadc424b71a60326da53828fb6.jpg","replyStatus":0,"replyText":null,"replyTime":null,"replyerName":"启程智远"}]}}
[2024-10-18_11:48:49] - [test_excel_api.py:249] INFO 提取变量：1847122644591394818
[2024-10-18_11:48:49] - [test_excel_api.py:149] INFO 响应数据：{"code":200,"msg":"Success","data":{"page":1,"size":10,"total":2,"list":[{"id":"1847122644591394818","appUserId":"1840678944340381697","appUserName":"用户188****7806","appUserSubmitName":"用户188****7806","appUserPhone":"18813537806","submitIssueType":1,"submitIssueDescription":"测试反馈内容","submitIssueTime":"2024-10-18 11:48:51","uploadImageUrl":"https://lqc-public-oss-pre.oss-cn-shenzhen.aliyuncs.com/test/lqc-app/c5c931dadc424b71a60326da53828fb6.jpg","replyStatus":0,"replyText":null,"replyTime":null,"replyerName":"启程智远"},{"id":"1846824631771873281","appUserId":"1840678944340381697","appUserName":"用户188****7806","appUserSubmitName":"用户188****7806","appUserPhone":"18813537806","submitIssueType":1,"submitIssueDescription":"id","submitIssueTime":"2024-10-17 16:04:40","uploadImageUrl":"https://lqc-public-oss-pre.oss-cn-shenzhen.aliyuncs.com/test/lqc-app/c5c931dadc424b71a60326da53828fb6.jpg","replyStatus":0,"replyText":null,"replyTime":null,"replyerName":"启程智远"}]}}
[2024-10-18_11:48:49] - [test_excel_api.py:229] INFO 变量替换：variable1 => 1847122644591394818
[2024-10-18_11:48:49] - [test_excel_api.py:149] INFO 响应数据：{"code":200,"msg":null,"data":null}
[2024-10-18_11:48:49] - [test_excel_api.py:165] WARNING 请求参数：{"id":"1847122644591394818","replyText":"测试超过200字符公示为由关键词配置自动识别的政策数公示为由关键词配置自动识别的政策数公示为由关键词配置自动识别的政策数公示为由关键词配置自动识别的政策数公示为由关键词配置自动识别的政策数公示为由关键词配置自动识别的政策数公示为由关键词配置自动识别的政策数公示为由关键词配置自动识别的政策数公示为由关键词配置自动识别的政策数公示为由关键词配置自动识别的政策数公示为由关键词配置自动识别的政策数公示为由关键词配置自动识别的政策数"}
[2024-10-18_11:48:49] - [run_x_test_runner_send_main.py:56] ERROR test_api_18 (test_excel_api.TestAPI.test_api_18)
Traceback (most recent call last):
  File "D:\Users\Administrator\AppData\Local\Programs\Python\Python312\Lib\unittest\case.py", line 58, in testPartExecutor
    yield
  File "D:\Users\Administrator\AppData\Local\Programs\Python\Python312\Lib\unittest\case.py", line 634, in run
    self._callTestMethod(testMethod)
  File "D:\Users\Administrator\AppData\Local\Programs\Python\Python312\Lib\unittest\case.py", line 589, in _callTestMethod
    if method() is not None:
       ^^^^^^^^
  File "D:\Users\Administrator\AppData\Local\Programs\Python\Python312\Lib\site-packages\ddt.py", line 221, in wrapper
    return func(self, *args, **kwargs)
           ^^^^^^^^^^^^^^^^^^^^^^^^^^^
  File "D:\mytest\UnittestDemo\testcase\test_excel_api.py", line 166, in test_api
    raise e
  File "D:\mytest\UnittestDemo\testcase\test_excel_api.py", line 161, in test_api
    self.assertIn(msg, response.content.decode("utf-8"), f"{case_id} {title} {url}")
AssertionError: '"code":400' not found in '{"code":200,"msg":null,"data":null}' : lqc_19 回复问题反馈超过200字符 /test-api/system/applet/feedback/backend/reply
[2024-10-18_11:48:49] - [test_excel_api.py:229] INFO 变量替换：variable1 => 1847122644591394818
[2024-10-18_11:48:49] - [test_excel_api.py:149] INFO 响应数据：{"code":200,"msg":null,"data":null}
[2024-10-18_11:48:49] - [test_excel_api.py:229] INFO 变量替换：variable1 => 1847122644591394818
[2024-10-18_11:48:49] - [test_excel_api.py:149] INFO 响应数据：{"code":200,"msg":null,"data":null}
[2024-10-18_11:48:49] - [test_excel_api.py:165] WARNING 请求参数：{"id":"1847122644591394818","replyText":"测试回复问题反馈"}
[2024-10-18_11:48:49] - [run_x_test_runner_send_main.py:56] ERROR test_api_20 (test_excel_api.TestAPI.test_api_20)
Traceback (most recent call last):
  File "D:\Users\Administrator\AppData\Local\Programs\Python\Python312\Lib\unittest\case.py", line 58, in testPartExecutor
    yield
  File "D:\Users\Administrator\AppData\Local\Programs\Python\Python312\Lib\unittest\case.py", line 634, in run
    self._callTestMethod(testMethod)
  File "D:\Users\Administrator\AppData\Local\Programs\Python\Python312\Lib\unittest\case.py", line 589, in _callTestMethod
    if method() is not None:
       ^^^^^^^^
  File "D:\Users\Administrator\AppData\Local\Programs\Python\Python312\Lib\site-packages\ddt.py", line 221, in wrapper
    return func(self, *args, **kwargs)
           ^^^^^^^^^^^^^^^^^^^^^^^^^^^
  File "D:\mytest\UnittestDemo\testcase\test_excel_api.py", line 166, in test_api
    raise e
  File "D:\mytest\UnittestDemo\testcase\test_excel_api.py", line 161, in test_api
    self.assertIn(msg, response.content.decode("utf-8"), f"{case_id} {title} {url}")
AssertionError: '"code":400' not found in '{"code":200,"msg":null,"data":null}' : lqc_21 第二次回复同一个问题反馈 /test-api/system/applet/feedback/backend/reply
[2024-10-18_11:48:49] - [test_excel_api.py:149] INFO 响应数据：{"code":200,"msg":"Success","data":[49489]}
[2024-10-18_11:48:50] - [run_x_test_runner_send_main.py:130] INFO 报告路径：D:\mytest\UnittestDemo\reports\result-20241018.html
[2024-10-18_11:51:32] - [run_x_test_runner_send_main.py:251] INFO main start...
[2024-10-18_11:51:33] - [test_excel_api.py:149] INFO 响应数据：{"code":200,"msg":"Success","data":{"page":1,"size":15,"total":1,"list":[{"id":"1846813020097077250","name":"测试2024年1月深圳市项目","deptName":"深圳市龙岗政府在线","officialPublishTime":"2024-01-01 00:00:00","reportDeadLine":null}]}}
[2024-10-18_11:51:33] - [test_excel_api.py:149] INFO 响应数据：{"code":200,"msg":"Success","data":{"page":1,"size":15,"total":1,"list":[{"id":"1846813577784320002","name":"测试2023年深圳市市级项目","deptName":"深圳市发展和改革委员会","officialPublishTime":"2023-10-01 00:00:00","reportDeadLine":null}]}}
[2024-10-18_11:51:33] - [test_excel_api.py:149] INFO 响应数据：{"code":200,"msg":"Success","data":{"page":1,"size":15,"total":17,"list":[{"id":"1829424338901893122","name":"新增测试公示1","deptName":"工信经济测试","officialPublishTime":"2024-08-30 15:18:59"},{"id":"1826550431404634114","name":"深圳公示14","deptName":"测试知识","officialPublishTime":"2024-08-22 17:22:11"},{"id":"1792377649850699777","name":"测试关于新型冠状病毒疫情防控期间延长我市社会保险缴费工作的通告","deptName":"测试认证认可部门12","officialPublishTime":"2024-08-12 14:20:02"},{"id":"1791676620159000577","name":"0812工信关于做好2020年度专业技术人员继续教育项目计划备案的通知","deptName":"深圳市龙岗政府在线","officialPublishTime":"2024-08-09 00:00:00"},{"id":"1821809302314389506","name":"广州公示0809","deptName":"工信经济测试","officialPublishTime":"2024-08-09 00:00:00"},{"id":"1791001276800262146","name":"关于开展青岛市2021年第二次博士后资助申报工作的通知","deptName":"深圳市龙岗政府在线","officialPublishTime":"2024-08-05 00:00:00"},{"id":"1821792987881213954","name":"关于鼓励企业开展岗前技能培训工作的通知","deptName":"福田区企业服务智能系统平台","officialPublishTime":"2024-08-03 00:00:00"},{"id":"1791001052484689922","name":"关于做好2022年国家级博士后科研工作站新设站（第二批）申报工作的通知","deptName":"光明区企业服务门户","officialPublishTime":"2024-07-17 00:00:00"},{"id":"1797512470608441345","name":"笔试成绩1","deptName":"福田区企业服务智能系统平台","officialPublishTime":"2024-06-26 00:00:00"},{"id":"1797468996995608578","name":"新增公示","deptName":"光明区企业服务门户","officialPublishTime":"2024-06-03 11:22:53"},{"id":"1790928470779584514","name":"test1公式新增2","deptName":"深圳市龙岗政府在线","officialPublishTime":"2024-05-16 10:13:05"},{"id":"1790631237412675585","name":"审核无效4","deptName":"光明区企业服务门户","officialPublishTime":"2024-05-15 14:32:08"},{"id":"1790626839424884737","name":"公示行业","deptName":"光明区企业服务门户","officialPublishTime":"2024-05-15 14:14:07"},{"id":"1783700258106376193","name":"企业库测试1","deptName":"深圳市南山区发展与改革局","officialPublishTime":"2024-04-25 00:00:00"},{"id":"1778303714515456002","name":"test13","deptName":"光明区企业服务门户","officialPublishTime":"2024-04-11 14:05:12"}]}}
[2024-10-18_11:51:34] - [test_excel_api.py:149] INFO 响应数据：{"code":200,"msg":"Success","data":{"page":1,"size":15,"total":1,"list":[{"id":"1846814045096894465","policyName":"测试2024年10月政策","informationType":2,"deptName":"深圳市龙岗政府在线","officialPublishTime":"2024-10-01 00:00:00"}]}}
[2024-10-18_11:51:34] - [test_excel_api.py:149] INFO 响应数据：{"code":200,"msg":null,"data":null}
[2024-10-18_11:51:34] - [test_excel_api.py:149] INFO 响应数据：{"code":400,"msg":"过滤范围不能为空","data":null}
[2024-10-18_11:51:34] - [test_excel_api.py:149] INFO 响应数据：{"code":400,"msg":"过滤词数量必须在1到50之间","data":null}
[2024-10-18_11:51:34] - [test_excel_api.py:149] INFO 响应数据：{"code":400,"msg":"过滤范围不能为空","data":null}
[2024-10-18_11:51:34] - [test_excel_api.py:149] INFO 响应数据：{"code":400,"msg":"上传的图片不能为空","data":null}
[2024-10-18_11:51:34] - [test_excel_api.py:149] INFO 响应数据：{"code":400,"msg":"上传的图片不能为空","data":null}
[2024-10-18_11:51:34] - [test_excel_api.py:149] INFO 响应数据：{"code":400,"msg":"反馈内容不能为空","data":null}
[2024-10-18_11:51:35] - [test_excel_api.py:149] INFO 响应数据：{"code":400,"msg":"反馈内容字数不能超过200","data":null}
[2024-10-18_11:51:35] - [test_excel_api.py:149] INFO 响应数据：{"code":400,"msg":"姓名不能为空","data":null}
[2024-10-18_11:51:35] - [test_excel_api.py:149] INFO 响应数据：{"code":400,"msg":"姓名不能为空","data":null}
[2024-10-18_11:51:35] - [test_excel_api.py:149] INFO 响应数据：{"code":200,"msg":null,"data":null}
[2024-10-18_11:51:35] - [test_excel_api.py:149] INFO 响应数据：{"code":200,"msg":"Success","data":{"page":1,"size":15,"total":4,"list":[{"id":"1847123341797965825","appUserId":"1840678944340381697","appUserName":"用户188****7806","appUserSubmitName":"用户188****7806","appUserPhone":"18813537806","submitIssueType":1,"submitIssueDescription":"测试反馈内容","submitIssueTime":"2024-10-18 11:51:37","uploadImageUrl":"https://lqc-public-oss-pre.oss-cn-shenzhen.aliyuncs.com/test/lqc-app/c5c931dadc424b71a60326da53828fb6.jpg","replyStatus":0,"replyText":null,"replyTime":null,"replyerName":"启程智远"},{"id":"1846829897804431361","appUserId":"1840678944340381697","appUserName":"用户188****7806","appUserSubmitName":"用户188****7806","appUserPhone":"18813537806","submitIssueType":2,"submitIssueDescription":"你好啊","submitIssueTime":"2024-10-17 16:25:36","uploadImageUrl":"https://lqc-public-oss-pre.oss-cn-shenzhen.aliyuncs.com/test/lqc-app/07af737658234db3a8c56cbfad25615f.jpg,https://lqc-public-oss-pre.oss-cn-shenzhen.aliyuncs.com/test/lqc-app/601600986bd14571a9040503c9b3d448.jpg,https://lqc-public-oss-pre.oss-cn-shenzhen.aliyuncs.com/test/lqc-app/09386e440a234dde899ac65791f41791.jpg,https://lqc-public-oss-pre.oss-cn-shenzhen.aliyuncs.com/test/lqc-app/177da93adbca4714b47eb6afd1676999.jpg,https://lqc-public-oss-pre.oss-cn-shenzhen.aliyuncs.com/test/lqc-app/aa271c08225243369ff9d3fd8c60d9fc.jpg,https://lqc-public-oss-pre.oss-cn-shenzhen.aliyuncs.com/test/lqc-app/7a2e3e26c28c4350bc30e9d56232cf15.jpg,https://lqc-public-oss-pre.oss-cn-shenzhen.aliyuncs.com/test/lqc-app/3f7ad35ddfeb4f9dac7128e549807d80.jpeg","replyStatus":1,"replyText":"测试超过200字符公示为由关键词配置自动识别的政策数公示为由关键词配置自动识别的政策数公示为由关键词配置自动识别的政策数公示为由关键词配置自动识别的政策数公示为由关键词配置自动识别的政策数公示为由关键词配置自动识别的政策数公示为由关键词配置自动识别的政策数公示为由关键词配置自动识别的政策数公示为由关键词配置自动识别的政策数公示为由关键词配置自动识别的政策数公示为由关键词配置自动识别的政策数公示为由关键词配置自动识别的政策数","replyTime":"2024-10-18 09:59:18","replyerName":"启程智远"},{"id":"1846829608825274369","appUserId":"1840678944340381697","appUserName":"用户188****7806","appUserSubmitName":"用户188****7806","appUserPhone":"18813537806","submitIssueType":2,"submitIssueDescription":"你好啊","submitIssueTime":"2024-10-17 16:24:27","uploadImageUrl":"https://lqc-public-oss-pre.oss-cn-shenzhen.aliyuncs.com/test/lqc-app/07af737658234db3a8c56cbfad25615f.jpg,https://lqc-public-oss-pre.oss-cn-shenzhen.aliyuncs.com/test/lqc-app/601600986bd14571a9040503c9b3d448.jpg,https://lqc-public-oss-pre.oss-cn-shenzhen.aliyuncs.com/test/lqc-app/09386e440a234dde899ac65791f41791.jpg,https://lqc-public-oss-pre.oss-cn-shenzhen.aliyuncs.com/test/lqc-app/177da93adbca4714b47eb6afd1676999.jpg,https://lqc-public-oss-pre.oss-cn-shenzhen.aliyuncs.com/test/lqc-app/aa271c08225243369ff9d3fd8c60d9fc.jpg,https://lqc-public-oss-pre.oss-cn-shenzhen.aliyuncs.com/test/lqc-app/7a2e3e26c28c4350bc30e9d56232cf15.jpg","replyStatus":1,"replyText":"测试超过200字符公示为由关键词配置自动识别的政策数公示为由关键词配置自动识别的政策数公示为由关键词配置自动识别的政策数公示为由关键词配置自动识别的政策数公示为由关键词配置自动识别的政策数公示为由关键词配置自动识别的政策数公示为由关键词配置自动识别的政策数公示为由关键词配置自动识别的政策数公示为由关键词配置自动识别的政策数公示为由关键词配置自动识别的政策数公示为由关键词配置自动识别的政策数公示为由关键词配置自动识别的政策数","replyTime":"2024-10-18 11:45:55","replyerName":"启程智远"},{"id":"1846824631771873281","appUserId":"1840678944340381697","appUserName":"用户188****7806","appUserSubmitName":"用户188****7806","appUserPhone":"18813537806","submitIssueType":1,"submitIssueDescription":"id","submitIssueTime":"2024-10-17 16:04:40","uploadImageUrl":"https://lqc-public-oss-pre.oss-cn-shenzhen.aliyuncs.com/test/lqc-app/c5c931dadc424b71a60326da53828fb6.jpg","replyStatus":0,"replyText":null,"replyTime":null,"replyerName":"启程智远"}]}}
[2024-10-18_11:51:35] - [test_excel_api.py:249] INFO 提取变量：1847123341797965825
[2024-10-18_11:51:35] - [test_excel_api.py:149] INFO 响应数据：{"code":200,"msg":"Success","data":{"page":1,"size":10,"total":2,"list":[{"id":"1847123341797965825","appUserId":"1840678944340381697","appUserName":"用户188****7806","appUserSubmitName":"用户188****7806","appUserPhone":"18813537806","submitIssueType":1,"submitIssueDescription":"测试反馈内容","submitIssueTime":"2024-10-18 11:51:37","uploadImageUrl":"https://lqc-public-oss-pre.oss-cn-shenzhen.aliyuncs.com/test/lqc-app/c5c931dadc424b71a60326da53828fb6.jpg","replyStatus":0,"replyText":null,"replyTime":null,"replyerName":"启程智远"},{"id":"1846824631771873281","appUserId":"1840678944340381697","appUserName":"用户188****7806","appUserSubmitName":"用户188****7806","appUserPhone":"18813537806","submitIssueType":1,"submitIssueDescription":"id","submitIssueTime":"2024-10-17 16:04:40","uploadImageUrl":"https://lqc-public-oss-pre.oss-cn-shenzhen.aliyuncs.com/test/lqc-app/c5c931dadc424b71a60326da53828fb6.jpg","replyStatus":0,"replyText":null,"replyTime":null,"replyerName":"启程智远"}]}}
[2024-10-18_11:51:35] - [test_excel_api.py:229] INFO 变量替换：variable1 => 1847123341797965825
[2024-10-18_11:51:35] - [test_excel_api.py:149] INFO 响应数据：{"code":200,"msg":null,"data":null}
[2024-10-18_11:51:35] - [test_excel_api.py:165] WARNING 请求参数：{"id":"1847123341797965825","replyText":"测试超过200字符公示为由关键词配置自动识别的政策数公示为由关键词配置自动识别的政策数公示为由关键词配置自动识别的政策数公示为由关键词配置自动识别的政策数公示为由关键词配置自动识别的政策数公示为由关键词配置自动识别的政策数公示为由关键词配置自动识别的政策数公示为由关键词配置自动识别的政策数公示为由关键词配置自动识别的政策数公示为由关键词配置自动识别的政策数公示为由关键词配置自动识别的政策数公示为由关键词配置自动识别的政策数"}
[2024-10-18_11:51:35] - [run_x_test_runner_send_main.py:56] ERROR test_api_18 (test_excel_api.TestAPI.test_api_18)
Traceback (most recent call last):
  File "D:\Users\Administrator\AppData\Local\Programs\Python\Python312\Lib\unittest\case.py", line 58, in testPartExecutor
    yield
  File "D:\Users\Administrator\AppData\Local\Programs\Python\Python312\Lib\unittest\case.py", line 634, in run
    self._callTestMethod(testMethod)
  File "D:\Users\Administrator\AppData\Local\Programs\Python\Python312\Lib\unittest\case.py", line 589, in _callTestMethod
    if method() is not None:
       ^^^^^^^^
  File "D:\Users\Administrator\AppData\Local\Programs\Python\Python312\Lib\site-packages\ddt.py", line 221, in wrapper
    return func(self, *args, **kwargs)
           ^^^^^^^^^^^^^^^^^^^^^^^^^^^
  File "D:\mytest\UnittestDemo\testcase\test_excel_api.py", line 166, in test_api
    raise e
  File "D:\mytest\UnittestDemo\testcase\test_excel_api.py", line 161, in test_api
    self.assertIn(msg, response.content.decode("utf-8"), f"{case_id} {title} {url}")
AssertionError: '"code":400' not found in '{"code":200,"msg":null,"data":null}' : lqc_19 回复问题反馈超过200字符 /test-api/system/applet/feedback/backend/reply
[2024-10-18_11:51:35] - [test_excel_api.py:229] INFO 变量替换：variable1 => 1847123341797965825
[2024-10-18_11:51:35] - [test_excel_api.py:149] INFO 响应数据：{"code":200,"msg":null,"data":null}
[2024-10-18_11:51:36] - [test_excel_api.py:229] INFO 变量替换：variable1 => 1847123341797965825
[2024-10-18_11:51:36] - [test_excel_api.py:149] INFO 响应数据：{"code":200,"msg":null,"data":null}
[2024-10-18_11:51:36] - [test_excel_api.py:165] WARNING 请求参数：{"id":"1847123341797965825","replyText":"测试回复问题反馈"}
[2024-10-18_11:51:36] - [run_x_test_runner_send_main.py:56] ERROR test_api_20 (test_excel_api.TestAPI.test_api_20)
Traceback (most recent call last):
  File "D:\Users\Administrator\AppData\Local\Programs\Python\Python312\Lib\unittest\case.py", line 58, in testPartExecutor
    yield
  File "D:\Users\Administrator\AppData\Local\Programs\Python\Python312\Lib\unittest\case.py", line 634, in run
    self._callTestMethod(testMethod)
  File "D:\Users\Administrator\AppData\Local\Programs\Python\Python312\Lib\unittest\case.py", line 589, in _callTestMethod
    if method() is not None:
       ^^^^^^^^
  File "D:\Users\Administrator\AppData\Local\Programs\Python\Python312\Lib\site-packages\ddt.py", line 221, in wrapper
    return func(self, *args, **kwargs)
           ^^^^^^^^^^^^^^^^^^^^^^^^^^^
  File "D:\mytest\UnittestDemo\testcase\test_excel_api.py", line 166, in test_api
    raise e
  File "D:\mytest\UnittestDemo\testcase\test_excel_api.py", line 161, in test_api
    self.assertIn(msg, response.content.decode("utf-8"), f"{case_id} {title} {url}")
AssertionError: '"code":400' not found in '{"code":200,"msg":null,"data":null}' : lqc_21 第二次回复同一个问题反馈 /test-api/system/applet/feedback/backend/reply
[2024-10-18_11:51:36] - [test_excel_api.py:149] INFO 响应数据：{"code":500,"msg":"系统异常，请稍后重试","data":null}
[2024-10-18_11:51:36] - [test_excel_api.py:165] WARNING 请求参数：None
[2024-10-18_11:51:36] - [run_x_test_runner_send_main.py:56] ERROR test_api_21 (test_excel_api.TestAPI.test_api_21)
Traceback (most recent call last):
  File "D:\Users\Administrator\AppData\Local\Programs\Python\Python312\Lib\unittest\case.py", line 58, in testPartExecutor
    yield
  File "D:\Users\Administrator\AppData\Local\Programs\Python\Python312\Lib\unittest\case.py", line 634, in run
    self._callTestMethod(testMethod)
  File "D:\Users\Administrator\AppData\Local\Programs\Python\Python312\Lib\unittest\case.py", line 589, in _callTestMethod
    if method() is not None:
       ^^^^^^^^
  File "D:\Users\Administrator\AppData\Local\Programs\Python\Python312\Lib\site-packages\ddt.py", line 221, in wrapper
    return func(self, *args, **kwargs)
           ^^^^^^^^^^^^^^^^^^^^^^^^^^^
  File "D:\mytest\UnittestDemo\testcase\test_excel_api.py", line 166, in test_api
    raise e
  File "D:\mytest\UnittestDemo\testcase\test_excel_api.py", line 161, in test_api
    self.assertIn(msg, response.content.decode("utf-8"), f"{case_id} {title} {url}")
AssertionError: '"code":200' not found in '{"code":500,"msg":"系统异常，请稍后重试","data":null}' : lqc_23 删除问题反馈 /test-api/system/applet/feedback/backend/delete/${variable1}
[2024-10-18_11:51:36] - [test_excel_api.py:149] INFO 响应数据：{"code":200,"msg":"Success","data":[49489]}
[2024-10-18_11:51:36] - [run_x_test_runner_send_main.py:130] INFO 报告路径：D:\mytest\UnittestDemo\reports\result-20241018.html
[2024-10-18_11:54:56] - [run_x_test_runner_send_main.py:251] INFO main start...
[2024-10-18_11:54:56] - [test_excel_api.py:152] INFO 响应数据：{"code":200,"msg":"Success","data":{"page":1,"size":15,"total":1,"list":[{"id":"1846813020097077250","name":"测试2024年1月深圳市项目","deptName":"深圳市龙岗政府在线","officialPublishTime":"2024-01-01 00:00:00","reportDeadLine":null}]}}
[2024-10-18_11:54:56] - [test_excel_api.py:152] INFO 响应数据：{"code":200,"msg":"Success","data":{"page":1,"size":15,"total":1,"list":[{"id":"1846813577784320002","name":"测试2023年深圳市市级项目","deptName":"深圳市发展和改革委员会","officialPublishTime":"2023-10-01 00:00:00","reportDeadLine":null}]}}
[2024-10-18_11:54:57] - [test_excel_api.py:152] INFO 响应数据：{"code":200,"msg":"Success","data":{"page":1,"size":15,"total":17,"list":[{"id":"1829424338901893122","name":"新增测试公示1","deptName":"工信经济测试","officialPublishTime":"2024-08-30 15:18:59"},{"id":"1826550431404634114","name":"深圳公示14","deptName":"测试知识","officialPublishTime":"2024-08-22 17:22:11"},{"id":"1792377649850699777","name":"测试关于新型冠状病毒疫情防控期间延长我市社会保险缴费工作的通告","deptName":"测试认证认可部门12","officialPublishTime":"2024-08-12 14:20:02"},{"id":"1791676620159000577","name":"0812工信关于做好2020年度专业技术人员继续教育项目计划备案的通知","deptName":"深圳市龙岗政府在线","officialPublishTime":"2024-08-09 00:00:00"},{"id":"1821809302314389506","name":"广州公示0809","deptName":"工信经济测试","officialPublishTime":"2024-08-09 00:00:00"},{"id":"1791001276800262146","name":"关于开展青岛市2021年第二次博士后资助申报工作的通知","deptName":"深圳市龙岗政府在线","officialPublishTime":"2024-08-05 00:00:00"},{"id":"1821792987881213954","name":"关于鼓励企业开展岗前技能培训工作的通知","deptName":"福田区企业服务智能系统平台","officialPublishTime":"2024-08-03 00:00:00"},{"id":"1791001052484689922","name":"关于做好2022年国家级博士后科研工作站新设站（第二批）申报工作的通知","deptName":"光明区企业服务门户","officialPublishTime":"2024-07-17 00:00:00"},{"id":"1797512470608441345","name":"笔试成绩1","deptName":"福田区企业服务智能系统平台","officialPublishTime":"2024-06-26 00:00:00"},{"id":"1797468996995608578","name":"新增公示","deptName":"光明区企业服务门户","officialPublishTime":"2024-06-03 11:22:53"},{"id":"1790928470779584514","name":"test1公式新增2","deptName":"深圳市龙岗政府在线","officialPublishTime":"2024-05-16 10:13:05"},{"id":"1790631237412675585","name":"审核无效4","deptName":"光明区企业服务门户","officialPublishTime":"2024-05-15 14:32:08"},{"id":"1790626839424884737","name":"公示行业","deptName":"光明区企业服务门户","officialPublishTime":"2024-05-15 14:14:07"},{"id":"1783700258106376193","name":"企业库测试1","deptName":"深圳市南山区发展与改革局","officialPublishTime":"2024-04-25 00:00:00"},{"id":"1778303714515456002","name":"test13","deptName":"光明区企业服务门户","officialPublishTime":"2024-04-11 14:05:12"}]}}
[2024-10-18_11:54:57] - [test_excel_api.py:152] INFO 响应数据：{"code":200,"msg":"Success","data":{"page":1,"size":15,"total":1,"list":[{"id":"1846814045096894465","policyName":"测试2024年10月政策","informationType":2,"deptName":"深圳市龙岗政府在线","officialPublishTime":"2024-10-01 00:00:00"}]}}
[2024-10-18_11:54:57] - [test_excel_api.py:152] INFO 响应数据：{"code":200,"msg":null,"data":null}
[2024-10-18_11:54:57] - [test_excel_api.py:152] INFO 响应数据：{"code":400,"msg":"过滤范围不能为空","data":null}
[2024-10-18_11:54:57] - [test_excel_api.py:152] INFO 响应数据：{"code":400,"msg":"过滤词数量必须在1到50之间","data":null}
[2024-10-18_11:54:57] - [test_excel_api.py:152] INFO 响应数据：{"code":400,"msg":"过滤范围不能为空","data":null}
[2024-10-18_11:54:57] - [test_excel_api.py:152] INFO 响应数据：{"code":400,"msg":"反馈的问题类型不能为空","data":null}
[2024-10-18_11:54:57] - [test_excel_api.py:152] INFO 响应数据：{"code":400,"msg":"上传的图片不能为空","data":null}
[2024-10-18_11:54:58] - [test_excel_api.py:152] INFO 响应数据：{"code":400,"msg":"反馈内容不能为空","data":null}
[2024-10-18_11:54:58] - [test_excel_api.py:152] INFO 响应数据：{"code":400,"msg":"反馈内容字数不能超过200","data":null}
[2024-10-18_11:54:58] - [test_excel_api.py:152] INFO 响应数据：{"code":400,"msg":"姓名不能为空","data":null}
[2024-10-18_11:54:58] - [test_excel_api.py:152] INFO 响应数据：{"code":400,"msg":"联系方式格式不正确","data":null}
[2024-10-18_11:54:58] - [test_excel_api.py:152] INFO 响应数据：{"code":200,"msg":null,"data":null}
[2024-10-18_11:54:58] - [test_excel_api.py:152] INFO 响应数据：{"code":200,"msg":"Success","data":{"page":1,"size":15,"total":4,"list":[{"id":"1847123341797965825","appUserId":"1840678944340381697","appUserName":"用户188****7806","appUserSubmitName":"用户188****7806","appUserPhone":"18813537806","submitIssueType":1,"submitIssueDescription":"测试反馈内容","submitIssueTime":"2024-10-18 11:51:37","uploadImageUrl":"https://lqc-public-oss-pre.oss-cn-shenzhen.aliyuncs.com/test/lqc-app/c5c931dadc424b71a60326da53828fb6.jpg","replyStatus":1,"replyText":"测试超过200字符公示为由关键词配置自动识别的政策数公示为由关键词配置自动识别的政策数公示为由关键词配置自动识别的政策数公示为由关键词配置自动识别的政策数公示为由关键词配置自动识别的政策数公示为由关键词配置自动识别的政策数公示为由关键词配置自动识别的政策数公示为由关键词配置自动识别的政策数公示为由关键词配置自动识别的政策数公示为由关键词配置自动识别的政策数公示为由关键词配置自动识别的政策数公示为由关键词配置自动识别的政策数","replyTime":"2024-10-18 11:51:38","replyerName":"启程智远"},{"id":"1846829897804431361","appUserId":"1840678944340381697","appUserName":"用户188****7806","appUserSubmitName":"用户188****7806","appUserPhone":"18813537806","submitIssueType":2,"submitIssueDescription":"你好啊","submitIssueTime":"2024-10-17 16:25:36","uploadImageUrl":"https://lqc-public-oss-pre.oss-cn-shenzhen.aliyuncs.com/test/lqc-app/07af737658234db3a8c56cbfad25615f.jpg,https://lqc-public-oss-pre.oss-cn-shenzhen.aliyuncs.com/test/lqc-app/601600986bd14571a9040503c9b3d448.jpg,https://lqc-public-oss-pre.oss-cn-shenzhen.aliyuncs.com/test/lqc-app/09386e440a234dde899ac65791f41791.jpg,https://lqc-public-oss-pre.oss-cn-shenzhen.aliyuncs.com/test/lqc-app/177da93adbca4714b47eb6afd1676999.jpg,https://lqc-public-oss-pre.oss-cn-shenzhen.aliyuncs.com/test/lqc-app/aa271c08225243369ff9d3fd8c60d9fc.jpg,https://lqc-public-oss-pre.oss-cn-shenzhen.aliyuncs.com/test/lqc-app/7a2e3e26c28c4350bc30e9d56232cf15.jpg,https://lqc-public-oss-pre.oss-cn-shenzhen.aliyuncs.com/test/lqc-app/3f7ad35ddfeb4f9dac7128e549807d80.jpeg","replyStatus":1,"replyText":"测试超过200字符公示为由关键词配置自动识别的政策数公示为由关键词配置自动识别的政策数公示为由关键词配置自动识别的政策数公示为由关键词配置自动识别的政策数公示为由关键词配置自动识别的政策数公示为由关键词配置自动识别的政策数公示为由关键词配置自动识别的政策数公示为由关键词配置自动识别的政策数公示为由关键词配置自动识别的政策数公示为由关键词配置自动识别的政策数公示为由关键词配置自动识别的政策数公示为由关键词配置自动识别的政策数","replyTime":"2024-10-18 09:59:18","replyerName":"启程智远"},{"id":"1846829608825274369","appUserId":"1840678944340381697","appUserName":"用户188****7806","appUserSubmitName":"用户188****7806","appUserPhone":"18813537806","submitIssueType":2,"submitIssueDescription":"你好啊","submitIssueTime":"2024-10-17 16:24:27","uploadImageUrl":"https://lqc-public-oss-pre.oss-cn-shenzhen.aliyuncs.com/test/lqc-app/07af737658234db3a8c56cbfad25615f.jpg,https://lqc-public-oss-pre.oss-cn-shenzhen.aliyuncs.com/test/lqc-app/601600986bd14571a9040503c9b3d448.jpg,https://lqc-public-oss-pre.oss-cn-shenzhen.aliyuncs.com/test/lqc-app/09386e440a234dde899ac65791f41791.jpg,https://lqc-public-oss-pre.oss-cn-shenzhen.aliyuncs.com/test/lqc-app/177da93adbca4714b47eb6afd1676999.jpg,https://lqc-public-oss-pre.oss-cn-shenzhen.aliyuncs.com/test/lqc-app/aa271c08225243369ff9d3fd8c60d9fc.jpg,https://lqc-public-oss-pre.oss-cn-shenzhen.aliyuncs.com/test/lqc-app/7a2e3e26c28c4350bc30e9d56232cf15.jpg","replyStatus":1,"replyText":"测试超过200字符公示为由关键词配置自动识别的政策数公示为由关键词配置自动识别的政策数公示为由关键词配置自动识别的政策数公示为由关键词配置自动识别的政策数公示为由关键词配置自动识别的政策数公示为由关键词配置自动识别的政策数公示为由关键词配置自动识别的政策数公示为由关键词配置自动识别的政策数公示为由关键词配置自动识别的政策数公示为由关键词配置自动识别的政策数公示为由关键词配置自动识别的政策数公示为由关键词配置自动识别的政策数","replyTime":"2024-10-18 11:45:55","replyerName":"启程智远"},{"id":"1846824631771873281","appUserId":"1840678944340381697","appUserName":"用户188****7806","appUserSubmitName":"用户188****7806","appUserPhone":"18813537806","submitIssueType":1,"submitIssueDescription":"id","submitIssueTime":"2024-10-17 16:04:40","uploadImageUrl":"https://lqc-public-oss-pre.oss-cn-shenzhen.aliyuncs.com/test/lqc-app/c5c931dadc424b71a60326da53828fb6.jpg","replyStatus":0,"replyText":null,"replyTime":null,"replyerName":"启程智远"}]}}
[2024-10-18_11:54:59] - [test_excel_api.py:252] INFO 提取变量：1846824631771873281
[2024-10-18_11:54:59] - [test_excel_api.py:152] INFO 响应数据：{"code":200,"msg":"Success","data":{"page":1,"size":10,"total":1,"list":[{"id":"1846824631771873281","appUserId":"1840678944340381697","appUserName":"用户188****7806","appUserSubmitName":"用户188****7806","appUserPhone":"18813537806","submitIssueType":1,"submitIssueDescription":"id","submitIssueTime":"2024-10-17 16:04:40","uploadImageUrl":"https://lqc-public-oss-pre.oss-cn-shenzhen.aliyuncs.com/test/lqc-app/c5c931dadc424b71a60326da53828fb6.jpg","replyStatus":0,"replyText":null,"replyTime":null,"replyerName":"启程智远"}]}}
[2024-10-18_11:54:59] - [test_excel_api.py:168] WARNING 请求参数：{"pageNo":1,"pageSize":10,"appUserName":"用户188****7806","replyStatus":0}
[2024-10-18_11:54:59] - [run_x_test_runner_send_main.py:56] ERROR test_api_17 (test_excel_api.TestAPI.test_api_17)
Traceback (most recent call last):
  File "D:\Users\Administrator\AppData\Local\Programs\Python\Python312\Lib\unittest\case.py", line 58, in testPartExecutor
    yield
  File "D:\Users\Administrator\AppData\Local\Programs\Python\Python312\Lib\unittest\case.py", line 634, in run
    self._callTestMethod(testMethod)
  File "D:\Users\Administrator\AppData\Local\Programs\Python\Python312\Lib\unittest\case.py", line 589, in _callTestMethod
    if method() is not None:
       ^^^^^^^^
  File "D:\Users\Administrator\AppData\Local\Programs\Python\Python312\Lib\site-packages\ddt.py", line 221, in wrapper
    return func(self, *args, **kwargs)
           ^^^^^^^^^^^^^^^^^^^^^^^^^^^
  File "D:\mytest\UnittestDemo\testcase\test_excel_api.py", line 169, in test_api
    raise e
  File "D:\mytest\UnittestDemo\testcase\test_excel_api.py", line 164, in test_api
    self.assertIn(msg, response.content.decode("utf-8"), f"{case_id} {title} {url}")
AssertionError: '测试反馈内容' not found in '{"code":200,"msg":"Success","data":{"page":1,"size":10,"total":1,"list":[{"id":"1846824631771873281","appUserId":"1840678944340381697","appUserName":"用户188****7806","appUserSubmitName":"用户188****7806","appUserPhone":"18813537806","submitIssueType":1,"submitIssueDescription":"id","submitIssueTime":"2024-10-17 16:04:40","uploadImageUrl":"https://lqc-public-oss-pre.oss-cn-shenzhen.aliyuncs.com/test/lqc-app/c5c931dadc424b71a60326da53828fb6.jpg","replyStatus":0,"replyText":null,"replyTime":null,"replyerName":"启程智远"}]}}' : lqc_18 查询根据用户名查询没有回复的记录 /test-api/system/applet/feedback/backend/list
[2024-10-18_11:54:59] - [test_excel_api.py:232] INFO 变量替换：variable1 => 1846824631771873281
[2024-10-18_11:54:59] - [test_excel_api.py:152] INFO 响应数据：{"code":200,"msg":null,"data":null}
[2024-10-18_11:54:59] - [test_excel_api.py:168] WARNING 请求参数：{"id":"1846824631771873281","replyText":"测试超过200字符公示为由关键词配置自动识别的政策数公示为由关键词配置自动识别的政策数公示为由关键词配置自动识别的政策数公示为由关键词配置自动识别的政策数公示为由关键词配置自动识别的政策数公示为由关键词配置自动识别的政策数公示为由关键词配置自动识别的政策数公示为由关键词配置自动识别的政策数公示为由关键词配置自动识别的政策数公示为由关键词配置自动识别的政策数公示为由关键词配置自动识别的政策数公示为由关键词配置自动识别的政策数"}
[2024-10-18_11:54:59] - [run_x_test_runner_send_main.py:56] ERROR test_api_18 (test_excel_api.TestAPI.test_api_18)
Traceback (most recent call last):
  File "D:\Users\Administrator\AppData\Local\Programs\Python\Python312\Lib\unittest\case.py", line 58, in testPartExecutor
    yield
  File "D:\Users\Administrator\AppData\Local\Programs\Python\Python312\Lib\unittest\case.py", line 634, in run
    self._callTestMethod(testMethod)
  File "D:\Users\Administrator\AppData\Local\Programs\Python\Python312\Lib\unittest\case.py", line 589, in _callTestMethod
    if method() is not None:
       ^^^^^^^^
  File "D:\Users\Administrator\AppData\Local\Programs\Python\Python312\Lib\site-packages\ddt.py", line 221, in wrapper
    return func(self, *args, **kwargs)
           ^^^^^^^^^^^^^^^^^^^^^^^^^^^
  File "D:\mytest\UnittestDemo\testcase\test_excel_api.py", line 169, in test_api
    raise e
  File "D:\mytest\UnittestDemo\testcase\test_excel_api.py", line 164, in test_api
    self.assertIn(msg, response.content.decode("utf-8"), f"{case_id} {title} {url}")
AssertionError: '"code":400' not found in '{"code":200,"msg":null,"data":null}' : lqc_19 回复问题反馈超过200字符 /test-api/system/applet/feedback/backend/reply
[2024-10-18_11:54:59] - [test_excel_api.py:232] INFO 变量替换：variable1 => 1846824631771873281
[2024-10-18_11:54:59] - [test_excel_api.py:152] INFO 响应数据：{"code":200,"msg":null,"data":null}
[2024-10-18_11:54:59] - [test_excel_api.py:232] INFO 变量替换：variable1 => 1846824631771873281
[2024-10-18_11:54:59] - [test_excel_api.py:152] INFO 响应数据：{"code":200,"msg":null,"data":null}
[2024-10-18_11:54:59] - [test_excel_api.py:168] WARNING 请求参数：{"id":"1846824631771873281","replyText":"测试回复问题反馈"}
[2024-10-18_11:54:59] - [run_x_test_runner_send_main.py:56] ERROR test_api_20 (test_excel_api.TestAPI.test_api_20)
Traceback (most recent call last):
  File "D:\Users\Administrator\AppData\Local\Programs\Python\Python312\Lib\unittest\case.py", line 58, in testPartExecutor
    yield
  File "D:\Users\Administrator\AppData\Local\Programs\Python\Python312\Lib\unittest\case.py", line 634, in run
    self._callTestMethod(testMethod)
  File "D:\Users\Administrator\AppData\Local\Programs\Python\Python312\Lib\unittest\case.py", line 589, in _callTestMethod
    if method() is not None:
       ^^^^^^^^
  File "D:\Users\Administrator\AppData\Local\Programs\Python\Python312\Lib\site-packages\ddt.py", line 221, in wrapper
    return func(self, *args, **kwargs)
           ^^^^^^^^^^^^^^^^^^^^^^^^^^^
  File "D:\mytest\UnittestDemo\testcase\test_excel_api.py", line 169, in test_api
    raise e
  File "D:\mytest\UnittestDemo\testcase\test_excel_api.py", line 164, in test_api
    self.assertIn(msg, response.content.decode("utf-8"), f"{case_id} {title} {url}")
AssertionError: '"code":400' not found in '{"code":200,"msg":null,"data":null}' : lqc_21 第二次回复同一个问题反馈 /test-api/system/applet/feedback/backend/reply
[2024-10-18_11:54:59] - [test_excel_api.py:232] INFO 变量替换：variable1 => 1846824631771873281
[2024-10-18_11:54:59] - [test_excel_api.py:152] INFO 响应数据：{"code":200,"msg":null,"data":null}
[2024-10-18_11:54:59] - [test_excel_api.py:152] INFO 响应数据：{"code":200,"msg":"Success","data":[49489]}
[2024-10-18_11:54:59] - [run_x_test_runner_send_main.py:130] INFO 报告路径：D:\mytest\UnittestDemo\reports\result-20241018.html
